<?xml version="1.0" encoding="UTF-8"?>
<testsuite xmlns:xsi="http://www.w3.org/2001/XMLSchema-instance" xsi:noNamespaceSchemaLocation="https://maven.apache.org/surefire/maven-surefire-plugin/xsd/surefire-test-report-3.0.xsd" version="3.0" name="com.example.cloudharbourdeployer.CloudHarbourDeployerApplicationTests" time="1.475" tests="1" errors="1" skipped="0" failures="0">
  <properties>
    <property name="java.specification.version" value="21"/>
    <property name="sun.jnu.encoding" value="UTF-8"/>
    <property name="java.class.path" value="/Users/mananmistry/Dal/CSCI 5409 Cloud/git/Assignment/Term Project/CloudHarbour-Deployer/target/test-classes:/Users/mananmistry/Dal/CSCI 5409 Cloud/git/Assignment/Term Project/CloudHarbour-Deployer/target/classes:/Users/mananmistry/.m2/repository/org/springframework/boot/spring-boot-starter/3.2.1-SNAPSHOT/spring-boot-starter-3.2.1-SNAPSHOT.jar:/Users/mananmistry/.m2/repository/org/springframework/boot/spring-boot/3.2.1-SNAPSHOT/spring-boot-3.2.1-SNAPSHOT.jar:/Users/mananmistry/.m2/repository/org/springframework/boot/spring-boot-autoconfigure/3.2.1-SNAPSHOT/spring-boot-autoconfigure-3.2.1-SNAPSHOT.jar:/Users/mananmistry/.m2/repository/org/springframework/boot/spring-boot-starter-logging/3.2.1-SNAPSHOT/spring-boot-starter-logging-3.2.1-SNAPSHOT.jar:/Users/mananmistry/.m2/repository/ch/qos/logback/logback-classic/1.4.11/logback-classic-1.4.11.jar:/Users/mananmistry/.m2/repository/ch/qos/logback/logback-core/1.4.11/logback-core-1.4.11.jar:/Users/mananmistry/.m2/repository/org/apache/logging/log4j/log4j-to-slf4j/2.21.1/log4j-to-slf4j-2.21.1.jar:/Users/mananmistry/.m2/repository/org/apache/logging/log4j/log4j-api/2.21.1/log4j-api-2.21.1.jar:/Users/mananmistry/.m2/repository/org/slf4j/jul-to-slf4j/2.0.9/jul-to-slf4j-2.0.9.jar:/Users/mananmistry/.m2/repository/jakarta/annotation/jakarta.annotation-api/2.1.1/jakarta.annotation-api-2.1.1.jar:/Users/mananmistry/.m2/repository/org/springframework/spring-core/6.1.1/spring-core-6.1.1.jar:/Users/mananmistry/.m2/repository/org/springframework/spring-jcl/6.1.1/spring-jcl-6.1.1.jar:/Users/mananmistry/.m2/repository/org/yaml/snakeyaml/2.2/snakeyaml-2.2.jar:/Users/mananmistry/.m2/repository/com/amazonaws/aws-java-sdk-dynamodb/1.11.64/aws-java-sdk-dynamodb-1.11.64.jar:/Users/mananmistry/.m2/repository/com/amazonaws/aws-java-sdk-s3/1.11.64/aws-java-sdk-s3-1.11.64.jar:/Users/mananmistry/.m2/repository/com/amazonaws/aws-java-sdk-kms/1.11.64/aws-java-sdk-kms-1.11.64.jar:/Users/mananmistry/.m2/repository/com/amazonaws/aws-java-sdk-core/1.11.64/aws-java-sdk-core-1.11.64.jar:/Users/mananmistry/.m2/repository/commons-logging/commons-logging/1.1.3/commons-logging-1.1.3.jar:/Users/mananmistry/.m2/repository/org/apache/httpcomponents/httpclient/4.5.2/httpclient-4.5.2.jar:/Users/mananmistry/.m2/repository/org/apache/httpcomponents/httpcore/4.4.16/httpcore-4.4.16.jar:/Users/mananmistry/.m2/repository/software/amazon/ion/ion-java/1.0.1/ion-java-1.0.1.jar:/Users/mananmistry/.m2/repository/com/fasterxml/jackson/core/jackson-databind/2.15.3/jackson-databind-2.15.3.jar:/Users/mananmistry/.m2/repository/com/fasterxml/jackson/core/jackson-annotations/2.15.3/jackson-annotations-2.15.3.jar:/Users/mananmistry/.m2/repository/com/fasterxml/jackson/core/jackson-core/2.15.3/jackson-core-2.15.3.jar:/Users/mananmistry/.m2/repository/com/fasterxml/jackson/dataformat/jackson-dataformat-cbor/2.15.3/jackson-dataformat-cbor-2.15.3.jar:/Users/mananmistry/.m2/repository/joda-time/joda-time/2.8.1/joda-time-2.8.1.jar:/Users/mananmistry/.m2/repository/com/amazonaws/jmespath-java/1.11.64/jmespath-java-1.11.64.jar:/Users/mananmistry/.m2/repository/com/google/code/gson/gson/2.10.1/gson-2.10.1.jar:/Users/mananmistry/.m2/repository/com/github/derjust/spring-data-dynamodb/5.1.0/spring-data-dynamodb-5.1.0.jar:/Users/mananmistry/.m2/repository/org/springframework/spring-context/6.1.1/spring-context-6.1.1.jar:/Users/mananmistry/.m2/repository/org/springframework/spring-aop/6.1.1/spring-aop-6.1.1.jar:/Users/mananmistry/.m2/repository/org/springframework/spring-beans/6.1.1/spring-beans-6.1.1.jar:/Users/mananmistry/.m2/repository/org/springframework/spring-expression/6.1.1/spring-expression-6.1.1.jar:/Users/mananmistry/.m2/repository/io/micrometer/micrometer-observation/1.12.0/micrometer-observation-1.12.0.jar:/Users/mananmistry/.m2/repository/io/micrometer/micrometer-commons/1.12.0/micrometer-commons-1.12.0.jar:/Users/mananmistry/.m2/repository/org/springframework/spring-tx/6.1.1/spring-tx-6.1.1.jar:/Users/mananmistry/.m2/repository/org/springframework/data/spring-data-commons/3.2.0/spring-data-commons-3.2.0.jar:/Users/mananmistry/.m2/repository/org/hibernate/validator/hibernate-validator/8.0.1.Final/hibernate-validator-8.0.1.Final.jar:/Users/mananmistry/.m2/repository/jakarta/validation/jakarta.validation-api/3.0.2/jakarta.validation-api-3.0.2.jar:/Users/mananmistry/.m2/repository/org/jboss/logging/jboss-logging/3.5.3.Final/jboss-logging-3.5.3.Final.jar:/Users/mananmistry/.m2/repository/com/fasterxml/classmate/1.6.0/classmate-1.6.0.jar:/Users/mananmistry/.m2/repository/javax/enterprise/cdi-api/1.2/cdi-api-1.2.jar:/Users/mananmistry/.m2/repository/javax/el/javax.el-api/3.0.0/javax.el-api-3.0.0.jar:/Users/mananmistry/.m2/repository/javax/interceptor/javax.interceptor-api/1.2/javax.interceptor-api-1.2.jar:/Users/mananmistry/.m2/repository/javax/inject/javax.inject/1/javax.inject-1.jar:/Users/mananmistry/.m2/repository/io/awspring/cloud/spring-cloud-aws-core/3.0.1/spring-cloud-aws-core-3.0.1.jar:/Users/mananmistry/.m2/repository/software/amazon/awssdk/regions/2.20.63/regions-2.20.63.jar:/Users/mananmistry/.m2/repository/software/amazon/awssdk/annotations/2.20.63/annotations-2.20.63.jar:/Users/mananmistry/.m2/repository/software/amazon/awssdk/utils/2.20.63/utils-2.20.63.jar:/Users/mananmistry/.m2/repository/org/reactivestreams/reactive-streams/1.0.4/reactive-streams-1.0.4.jar:/Users/mananmistry/.m2/repository/software/amazon/awssdk/sdk-core/2.20.63/sdk-core-2.20.63.jar:/Users/mananmistry/.m2/repository/software/amazon/awssdk/metrics-spi/2.20.63/metrics-spi-2.20.63.jar:/Users/mananmistry/.m2/repository/software/amazon/awssdk/endpoints-spi/2.20.63/endpoints-spi-2.20.63.jar:/Users/mananmistry/.m2/repository/software/amazon/awssdk/profiles/2.20.63/profiles-2.20.63.jar:/Users/mananmistry/.m2/repository/software/amazon/awssdk/json-utils/2.20.63/json-utils-2.20.63.jar:/Users/mananmistry/.m2/repository/software/amazon/awssdk/third-party-jackson-core/2.20.63/third-party-jackson-core-2.20.63.jar:/Users/mananmistry/.m2/repository/software/amazon/awssdk/auth/2.20.63/auth-2.20.63.jar:/Users/mananmistry/.m2/repository/software/amazon/awssdk/http-client-spi/2.20.63/http-client-spi-2.20.63.jar:/Users/mananmistry/.m2/repository/software/amazon/eventstream/eventstream/1.0.1/eventstream-1.0.1.jar:/Users/mananmistry/.m2/repository/org/slf4j/slf4j-api/2.0.9/slf4j-api-2.0.9.jar:/Users/mananmistry/.m2/repository/io/awspring/cloud/spring-cloud-aws-starter-sqs/3.0.1/spring-cloud-aws-starter-sqs-3.0.1.jar:/Users/mananmistry/.m2/repository/io/awspring/cloud/spring-cloud-aws-starter/3.0.1/spring-cloud-aws-starter-3.0.1.jar:/Users/mananmistry/.m2/repository/io/awspring/cloud/spring-cloud-aws-autoconfigure/3.0.1/spring-cloud-aws-autoconfigure-3.0.1.jar:/Users/mananmistry/.m2/repository/io/awspring/cloud/spring-cloud-aws-sqs/3.0.1/spring-cloud-aws-sqs-3.0.1.jar:/Users/mananmistry/.m2/repository/software/amazon/awssdk/sqs/2.20.63/sqs-2.20.63.jar:/Users/mananmistry/.m2/repository/software/amazon/awssdk/aws-query-protocol/2.20.63/aws-query-protocol-2.20.63.jar:/Users/mananmistry/.m2/repository/software/amazon/awssdk/protocol-core/2.20.63/protocol-core-2.20.63.jar:/Users/mananmistry/.m2/repository/software/amazon/awssdk/aws-core/2.20.63/aws-core-2.20.63.jar:/Users/mananmistry/.m2/repository/software/amazon/awssdk/apache-client/2.20.63/apache-client-2.20.63.jar:/Users/mananmistry/.m2/repository/software/amazon/awssdk/netty-nio-client/2.20.63/netty-nio-client-2.20.63.jar:/Users/mananmistry/.m2/repository/io/netty/netty-codec-http/4.1.101.Final/netty-codec-http-4.1.101.Final.jar:/Users/mananmistry/.m2/repository/io/netty/netty-codec-http2/4.1.101.Final/netty-codec-http2-4.1.101.Final.jar:/Users/mananmistry/.m2/repository/io/netty/netty-codec/4.1.101.Final/netty-codec-4.1.101.Final.jar:/Users/mananmistry/.m2/repository/io/netty/netty-transport/4.1.101.Final/netty-transport-4.1.101.Final.jar:/Users/mananmistry/.m2/repository/io/netty/netty-resolver/4.1.101.Final/netty-resolver-4.1.101.Final.jar:/Users/mananmistry/.m2/repository/io/netty/netty-common/4.1.101.Final/netty-common-4.1.101.Final.jar:/Users/mananmistry/.m2/repository/io/netty/netty-buffer/4.1.101.Final/netty-buffer-4.1.101.Final.jar:/Users/mananmistry/.m2/repository/io/netty/netty-handler/4.1.101.Final/netty-handler-4.1.101.Final.jar:/Users/mananmistry/.m2/repository/io/netty/netty-transport-native-unix-common/4.1.101.Final/netty-transport-native-unix-common-4.1.101.Final.jar:/Users/mananmistry/.m2/repository/io/netty/netty-transport-classes-epoll/4.1.101.Final/netty-transport-classes-epoll-4.1.101.Final.jar:/Users/mananmistry/.m2/repository/software/amazon/awssdk/arns/2.20.63/arns-2.20.63.jar:/Users/mananmistry/.m2/repository/org/springframework/spring-messaging/6.1.1/spring-messaging-6.1.1.jar:/Users/mananmistry/.m2/repository/io/kubernetes/client-java/10.0.1/client-java-10.0.1.jar:/Users/mananmistry/.m2/repository/io/prometheus/simpleclient/0.16.0/simpleclient-0.16.0.jar:/Users/mananmistry/.m2/repository/io/prometheus/simpleclient_tracer_otel/0.16.0/simpleclient_tracer_otel-0.16.0.jar:/Users/mananmistry/.m2/repository/io/prometheus/simpleclient_tracer_common/0.16.0/simpleclient_tracer_common-0.16.0.jar:/Users/mananmistry/.m2/repository/io/prometheus/simpleclient_tracer_otel_agent/0.16.0/simpleclient_tracer_otel_agent-0.16.0.jar:/Users/mananmistry/.m2/repository/io/prometheus/simpleclient_httpserver/0.16.0/simpleclient_httpserver-0.16.0.jar:/Users/mananmistry/.m2/repository/io/prometheus/simpleclient_common/0.16.0/simpleclient_common-0.16.0.jar:/Users/mananmistry/.m2/repository/io/kubernetes/client-java-api/10.0.1/client-java-api-10.0.1.jar:/Users/mananmistry/.m2/repository/io/sundr/builder-annotations/0.22.0/builder-annotations-0.22.0.jar:/Users/mananmistry/.m2/repository/io/sundr/sundr-core/0.22.0/sundr-core-0.22.0.jar:/Users/mananmistry/.m2/repository/io/sundr/sundr-codegen/0.22.0/sundr-codegen-0.22.0.jar:/Users/mananmistry/.m2/repository/io/sundr/resourcecify-annotations/0.22.0/resourcecify-annotations-0.22.0.jar:/Users/mananmistry/.m2/repository/javax/annotation/javax.annotation-api/1.3.2/javax.annotation-api-1.3.2.jar:/Users/mananmistry/.m2/repository/io/swagger/swagger-annotations/1.6.2/swagger-annotations-1.6.2.jar:/Users/mananmistry/.m2/repository/com/squareup/okhttp3/okhttp/4.12.0/okhttp-4.12.0.jar:/Users/mananmistry/.m2/repository/com/squareup/okio/okio/3.6.0/okio-3.6.0.jar:/Users/mananmistry/.m2/repository/com/squareup/okio/okio-jvm/3.6.0/okio-jvm-3.6.0.jar:/Users/mananmistry/.m2/repository/org/jetbrains/kotlin/kotlin-stdlib-common/1.9.20/kotlin-stdlib-common-1.9.20.jar:/Users/mananmistry/.m2/repository/org/jetbrains/kotlin/kotlin-stdlib-jdk8/1.9.20/kotlin-stdlib-jdk8-1.9.20.jar:/Users/mananmistry/.m2/repository/org/jetbrains/kotlin/kotlin-stdlib/1.9.20/kotlin-stdlib-1.9.20.jar:/Users/mananmistry/.m2/repository/org/jetbrains/annotations/13.0/annotations-13.0.jar:/Users/mananmistry/.m2/repository/org/jetbrains/kotlin/kotlin-stdlib-jdk7/1.9.20/kotlin-stdlib-jdk7-1.9.20.jar:/Users/mananmistry/.m2/repository/com/squareup/okhttp3/logging-interceptor/4.12.0/logging-interceptor-4.12.0.jar:/Users/mananmistry/.m2/repository/io/gsonfire/gson-fire/1.8.4/gson-fire-1.8.4.jar:/Users/mananmistry/.m2/repository/org/joda/joda-convert/2.2.1/joda-convert-2.2.1.jar:/Users/mananmistry/.m2/repository/com/google/code/findbugs/jsr305/3.0.2/jsr305-3.0.2.jar:/Users/mananmistry/.m2/repository/io/kubernetes/client-java-proto/10.0.1/client-java-proto-10.0.1.jar:/Users/mananmistry/.m2/repository/commons-codec/commons-codec/1.16.0/commons-codec-1.16.0.jar:/Users/mananmistry/.m2/repository/org/apache/commons/commons-compress/1.20/commons-compress-1.20.jar:/Users/mananmistry/.m2/repository/org/apache/commons/commons-lang3/3.13.0/commons-lang3-3.13.0.jar:/Users/mananmistry/.m2/repository/commons-io/commons-io/2.8.0/commons-io-2.8.0.jar:/Users/mananmistry/.m2/repository/com/google/guava/guava/29.0-jre/guava-29.0-jre.jar:/Users/mananmistry/.m2/repository/com/google/guava/failureaccess/1.0.1/failureaccess-1.0.1.jar:/Users/mananmistry/.m2/repository/com/google/guava/listenablefuture/9999.0-empty-to-avoid-conflict-with-guava/listenablefuture-9999.0-empty-to-avoid-conflict-with-guava.jar:/Users/mananmistry/.m2/repository/org/checkerframework/checker-qual/2.11.1/checker-qual-2.11.1.jar:/Users/mananmistry/.m2/repository/com/google/errorprone/error_prone_annotations/2.3.4/error_prone_annotations-2.3.4.jar:/Users/mananmistry/.m2/repository/com/google/j2objc/j2objc-annotations/1.3/j2objc-annotations-1.3.jar:/Users/mananmistry/.m2/repository/org/bouncycastle/bcprov-ext-jdk15on/1.66/bcprov-ext-jdk15on-1.66.jar:/Users/mananmistry/.m2/repository/org/bouncycastle/bcpkix-jdk15on/1.66/bcpkix-jdk15on-1.66.jar:/Users/mananmistry/.m2/repository/org/bouncycastle/bcprov-jdk15on/1.66/bcprov-jdk15on-1.66.jar:/Users/mananmistry/.m2/repository/com/google/protobuf/protobuf-java/3.13.0/protobuf-java-3.13.0.jar:/Users/mananmistry/.m2/repository/org/apache/commons/commons-collections4/4.4/commons-collections4-4.4.jar:/Users/mananmistry/.m2/repository/org/bitbucket/b_c/jose4j/0.7.2/jose4j-0.7.2.jar:/Users/mananmistry/.m2/repository/org/projectlombok/lombok/1.18.30/lombok-1.18.30.jar:/Users/mananmistry/.m2/repository/org/springframework/boot/spring-boot-starter-test/3.2.1-SNAPSHOT/spring-boot-starter-test-3.2.1-SNAPSHOT.jar:/Users/mananmistry/.m2/repository/org/springframework/boot/spring-boot-test/3.2.1-SNAPSHOT/spring-boot-test-3.2.1-SNAPSHOT.jar:/Users/mananmistry/.m2/repository/org/springframework/boot/spring-boot-test-autoconfigure/3.2.1-SNAPSHOT/spring-boot-test-autoconfigure-3.2.1-SNAPSHOT.jar:/Users/mananmistry/.m2/repository/com/jayway/jsonpath/json-path/2.8.0/json-path-2.8.0.jar:/Users/mananmistry/.m2/repository/jakarta/xml/bind/jakarta.xml.bind-api/4.0.1/jakarta.xml.bind-api-4.0.1.jar:/Users/mananmistry/.m2/repository/jakarta/activation/jakarta.activation-api/2.1.2/jakarta.activation-api-2.1.2.jar:/Users/mananmistry/.m2/repository/net/minidev/json-smart/2.5.0/json-smart-2.5.0.jar:/Users/mananmistry/.m2/repository/net/minidev/accessors-smart/2.5.0/accessors-smart-2.5.0.jar:/Users/mananmistry/.m2/repository/org/ow2/asm/asm/9.3/asm-9.3.jar:/Users/mananmistry/.m2/repository/org/assertj/assertj-core/3.24.2/assertj-core-3.24.2.jar:/Users/mananmistry/.m2/repository/net/bytebuddy/byte-buddy/1.14.10/byte-buddy-1.14.10.jar:/Users/mananmistry/.m2/repository/org/awaitility/awaitility/4.2.0/awaitility-4.2.0.jar:/Users/mananmistry/.m2/repository/org/hamcrest/hamcrest/2.2/hamcrest-2.2.jar:/Users/mananmistry/.m2/repository/org/junit/jupiter/junit-jupiter/5.10.1/junit-jupiter-5.10.1.jar:/Users/mananmistry/.m2/repository/org/junit/jupiter/junit-jupiter-api/5.10.1/junit-jupiter-api-5.10.1.jar:/Users/mananmistry/.m2/repository/org/opentest4j/opentest4j/1.3.0/opentest4j-1.3.0.jar:/Users/mananmistry/.m2/repository/org/junit/platform/junit-platform-commons/1.10.1/junit-platform-commons-1.10.1.jar:/Users/mananmistry/.m2/repository/org/apiguardian/apiguardian-api/1.1.2/apiguardian-api-1.1.2.jar:/Users/mananmistry/.m2/repository/org/junit/jupiter/junit-jupiter-params/5.10.1/junit-jupiter-params-5.10.1.jar:/Users/mananmistry/.m2/repository/org/junit/jupiter/junit-jupiter-engine/5.10.1/junit-jupiter-engine-5.10.1.jar:/Users/mananmistry/.m2/repository/org/junit/platform/junit-platform-engine/1.10.1/junit-platform-engine-1.10.1.jar:/Users/mananmistry/.m2/repository/org/mockito/mockito-core/5.7.0/mockito-core-5.7.0.jar:/Users/mananmistry/.m2/repository/net/bytebuddy/byte-buddy-agent/1.14.10/byte-buddy-agent-1.14.10.jar:/Users/mananmistry/.m2/repository/org/objenesis/objenesis/3.3/objenesis-3.3.jar:/Users/mananmistry/.m2/repository/org/mockito/mockito-junit-jupiter/5.7.0/mockito-junit-jupiter-5.7.0.jar:/Users/mananmistry/.m2/repository/org/skyscreamer/jsonassert/1.5.1/jsonassert-1.5.1.jar:/Users/mananmistry/.m2/repository/com/vaadin/external/google/android-json/0.0.20131108.vaadin1/android-json-0.0.20131108.vaadin1.jar:/Users/mananmistry/.m2/repository/org/springframework/spring-test/6.1.1/spring-test-6.1.1.jar:/Users/mananmistry/.m2/repository/org/xmlunit/xmlunit-core/2.9.1/xmlunit-core-2.9.1.jar:"/>
    <property name="java.vm.vendor" value="Homebrew"/>
    <property name="sun.arch.data.model" value="64"/>
    <property name="java.vendor.url" value="https://github.com/Homebrew/homebrew-core/issues"/>
    <property name="user.timezone" value="America/Halifax"/>
    <property name="org.jboss.logging.provider" value="slf4j"/>
    <property name="os.name" value="Mac OS X"/>
    <property name="java.vm.specification.version" value="21"/>
    <property name="sun.java.launcher" value="SUN_STANDARD"/>
    <property name="user.country" value="IN"/>
    <property name="sun.boot.library.path" value="/opt/homebrew/Cellar/openjdk/21/libexec/openjdk.jdk/Contents/Home/lib"/>
    <property name="sun.java.command" value="/Users/mananmistry/Dal/CSCI 5409 Cloud/git/Assignment/Term Project/CloudHarbour-Deployer/target/surefire/surefirebooter-20231130122719138_3.jar /Users/mananmistry/Dal/CSCI 5409 Cloud/git/Assignment/Term Project/CloudHarbour-Deployer/target/surefire 2023-11-30T12-27-18_040-jvmRun1 surefire-20231130122719138_1tmp surefire_0-20231130122719138_2tmp"/>
    <property name="http.nonProxyHosts" value="local|*.local|169.254/16|*.169.254/16"/>
    <property name="jdk.debug" value="release"/>
    <property name="surefire.test.class.path" value="/Users/mananmistry/Dal/CSCI 5409 Cloud/git/Assignment/Term Project/CloudHarbour-Deployer/target/test-classes:/Users/mananmistry/Dal/CSCI 5409 Cloud/git/Assignment/Term Project/CloudHarbour-Deployer/target/classes:/Users/mananmistry/.m2/repository/org/springframework/boot/spring-boot-starter/3.2.1-SNAPSHOT/spring-boot-starter-3.2.1-SNAPSHOT.jar:/Users/mananmistry/.m2/repository/org/springframework/boot/spring-boot/3.2.1-SNAPSHOT/spring-boot-3.2.1-SNAPSHOT.jar:/Users/mananmistry/.m2/repository/org/springframework/boot/spring-boot-autoconfigure/3.2.1-SNAPSHOT/spring-boot-autoconfigure-3.2.1-SNAPSHOT.jar:/Users/mananmistry/.m2/repository/org/springframework/boot/spring-boot-starter-logging/3.2.1-SNAPSHOT/spring-boot-starter-logging-3.2.1-SNAPSHOT.jar:/Users/mananmistry/.m2/repository/ch/qos/logback/logback-classic/1.4.11/logback-classic-1.4.11.jar:/Users/mananmistry/.m2/repository/ch/qos/logback/logback-core/1.4.11/logback-core-1.4.11.jar:/Users/mananmistry/.m2/repository/org/apache/logging/log4j/log4j-to-slf4j/2.21.1/log4j-to-slf4j-2.21.1.jar:/Users/mananmistry/.m2/repository/org/apache/logging/log4j/log4j-api/2.21.1/log4j-api-2.21.1.jar:/Users/mananmistry/.m2/repository/org/slf4j/jul-to-slf4j/2.0.9/jul-to-slf4j-2.0.9.jar:/Users/mananmistry/.m2/repository/jakarta/annotation/jakarta.annotation-api/2.1.1/jakarta.annotation-api-2.1.1.jar:/Users/mananmistry/.m2/repository/org/springframework/spring-core/6.1.1/spring-core-6.1.1.jar:/Users/mananmistry/.m2/repository/org/springframework/spring-jcl/6.1.1/spring-jcl-6.1.1.jar:/Users/mananmistry/.m2/repository/org/yaml/snakeyaml/2.2/snakeyaml-2.2.jar:/Users/mananmistry/.m2/repository/com/amazonaws/aws-java-sdk-dynamodb/1.11.64/aws-java-sdk-dynamodb-1.11.64.jar:/Users/mananmistry/.m2/repository/com/amazonaws/aws-java-sdk-s3/1.11.64/aws-java-sdk-s3-1.11.64.jar:/Users/mananmistry/.m2/repository/com/amazonaws/aws-java-sdk-kms/1.11.64/aws-java-sdk-kms-1.11.64.jar:/Users/mananmistry/.m2/repository/com/amazonaws/aws-java-sdk-core/1.11.64/aws-java-sdk-core-1.11.64.jar:/Users/mananmistry/.m2/repository/commons-logging/commons-logging/1.1.3/commons-logging-1.1.3.jar:/Users/mananmistry/.m2/repository/org/apache/httpcomponents/httpclient/4.5.2/httpclient-4.5.2.jar:/Users/mananmistry/.m2/repository/org/apache/httpcomponents/httpcore/4.4.16/httpcore-4.4.16.jar:/Users/mananmistry/.m2/repository/software/amazon/ion/ion-java/1.0.1/ion-java-1.0.1.jar:/Users/mananmistry/.m2/repository/com/fasterxml/jackson/core/jackson-databind/2.15.3/jackson-databind-2.15.3.jar:/Users/mananmistry/.m2/repository/com/fasterxml/jackson/core/jackson-annotations/2.15.3/jackson-annotations-2.15.3.jar:/Users/mananmistry/.m2/repository/com/fasterxml/jackson/core/jackson-core/2.15.3/jackson-core-2.15.3.jar:/Users/mananmistry/.m2/repository/com/fasterxml/jackson/dataformat/jackson-dataformat-cbor/2.15.3/jackson-dataformat-cbor-2.15.3.jar:/Users/mananmistry/.m2/repository/joda-time/joda-time/2.8.1/joda-time-2.8.1.jar:/Users/mananmistry/.m2/repository/com/amazonaws/jmespath-java/1.11.64/jmespath-java-1.11.64.jar:/Users/mananmistry/.m2/repository/com/google/code/gson/gson/2.10.1/gson-2.10.1.jar:/Users/mananmistry/.m2/repository/com/github/derjust/spring-data-dynamodb/5.1.0/spring-data-dynamodb-5.1.0.jar:/Users/mananmistry/.m2/repository/org/springframework/spring-context/6.1.1/spring-context-6.1.1.jar:/Users/mananmistry/.m2/repository/org/springframework/spring-aop/6.1.1/spring-aop-6.1.1.jar:/Users/mananmistry/.m2/repository/org/springframework/spring-beans/6.1.1/spring-beans-6.1.1.jar:/Users/mananmistry/.m2/repository/org/springframework/spring-expression/6.1.1/spring-expression-6.1.1.jar:/Users/mananmistry/.m2/repository/io/micrometer/micrometer-observation/1.12.0/micrometer-observation-1.12.0.jar:/Users/mananmistry/.m2/repository/io/micrometer/micrometer-commons/1.12.0/micrometer-commons-1.12.0.jar:/Users/mananmistry/.m2/repository/org/springframework/spring-tx/6.1.1/spring-tx-6.1.1.jar:/Users/mananmistry/.m2/repository/org/springframework/data/spring-data-commons/3.2.0/spring-data-commons-3.2.0.jar:/Users/mananmistry/.m2/repository/org/hibernate/validator/hibernate-validator/8.0.1.Final/hibernate-validator-8.0.1.Final.jar:/Users/mananmistry/.m2/repository/jakarta/validation/jakarta.validation-api/3.0.2/jakarta.validation-api-3.0.2.jar:/Users/mananmistry/.m2/repository/org/jboss/logging/jboss-logging/3.5.3.Final/jboss-logging-3.5.3.Final.jar:/Users/mananmistry/.m2/repository/com/fasterxml/classmate/1.6.0/classmate-1.6.0.jar:/Users/mananmistry/.m2/repository/javax/enterprise/cdi-api/1.2/cdi-api-1.2.jar:/Users/mananmistry/.m2/repository/javax/el/javax.el-api/3.0.0/javax.el-api-3.0.0.jar:/Users/mananmistry/.m2/repository/javax/interceptor/javax.interceptor-api/1.2/javax.interceptor-api-1.2.jar:/Users/mananmistry/.m2/repository/javax/inject/javax.inject/1/javax.inject-1.jar:/Users/mananmistry/.m2/repository/io/awspring/cloud/spring-cloud-aws-core/3.0.1/spring-cloud-aws-core-3.0.1.jar:/Users/mananmistry/.m2/repository/software/amazon/awssdk/regions/2.20.63/regions-2.20.63.jar:/Users/mananmistry/.m2/repository/software/amazon/awssdk/annotations/2.20.63/annotations-2.20.63.jar:/Users/mananmistry/.m2/repository/software/amazon/awssdk/utils/2.20.63/utils-2.20.63.jar:/Users/mananmistry/.m2/repository/org/reactivestreams/reactive-streams/1.0.4/reactive-streams-1.0.4.jar:/Users/mananmistry/.m2/repository/software/amazon/awssdk/sdk-core/2.20.63/sdk-core-2.20.63.jar:/Users/mananmistry/.m2/repository/software/amazon/awssdk/metrics-spi/2.20.63/metrics-spi-2.20.63.jar:/Users/mananmistry/.m2/repository/software/amazon/awssdk/endpoints-spi/2.20.63/endpoints-spi-2.20.63.jar:/Users/mananmistry/.m2/repository/software/amazon/awssdk/profiles/2.20.63/profiles-2.20.63.jar:/Users/mananmistry/.m2/repository/software/amazon/awssdk/json-utils/2.20.63/json-utils-2.20.63.jar:/Users/mananmistry/.m2/repository/software/amazon/awssdk/third-party-jackson-core/2.20.63/third-party-jackson-core-2.20.63.jar:/Users/mananmistry/.m2/repository/software/amazon/awssdk/auth/2.20.63/auth-2.20.63.jar:/Users/mananmistry/.m2/repository/software/amazon/awssdk/http-client-spi/2.20.63/http-client-spi-2.20.63.jar:/Users/mananmistry/.m2/repository/software/amazon/eventstream/eventstream/1.0.1/eventstream-1.0.1.jar:/Users/mananmistry/.m2/repository/org/slf4j/slf4j-api/2.0.9/slf4j-api-2.0.9.jar:/Users/mananmistry/.m2/repository/io/awspring/cloud/spring-cloud-aws-starter-sqs/3.0.1/spring-cloud-aws-starter-sqs-3.0.1.jar:/Users/mananmistry/.m2/repository/io/awspring/cloud/spring-cloud-aws-starter/3.0.1/spring-cloud-aws-starter-3.0.1.jar:/Users/mananmistry/.m2/repository/io/awspring/cloud/spring-cloud-aws-autoconfigure/3.0.1/spring-cloud-aws-autoconfigure-3.0.1.jar:/Users/mananmistry/.m2/repository/io/awspring/cloud/spring-cloud-aws-sqs/3.0.1/spring-cloud-aws-sqs-3.0.1.jar:/Users/mananmistry/.m2/repository/software/amazon/awssdk/sqs/2.20.63/sqs-2.20.63.jar:/Users/mananmistry/.m2/repository/software/amazon/awssdk/aws-query-protocol/2.20.63/aws-query-protocol-2.20.63.jar:/Users/mananmistry/.m2/repository/software/amazon/awssdk/protocol-core/2.20.63/protocol-core-2.20.63.jar:/Users/mananmistry/.m2/repository/software/amazon/awssdk/aws-core/2.20.63/aws-core-2.20.63.jar:/Users/mananmistry/.m2/repository/software/amazon/awssdk/apache-client/2.20.63/apache-client-2.20.63.jar:/Users/mananmistry/.m2/repository/software/amazon/awssdk/netty-nio-client/2.20.63/netty-nio-client-2.20.63.jar:/Users/mananmistry/.m2/repository/io/netty/netty-codec-http/4.1.101.Final/netty-codec-http-4.1.101.Final.jar:/Users/mananmistry/.m2/repository/io/netty/netty-codec-http2/4.1.101.Final/netty-codec-http2-4.1.101.Final.jar:/Users/mananmistry/.m2/repository/io/netty/netty-codec/4.1.101.Final/netty-codec-4.1.101.Final.jar:/Users/mananmistry/.m2/repository/io/netty/netty-transport/4.1.101.Final/netty-transport-4.1.101.Final.jar:/Users/mananmistry/.m2/repository/io/netty/netty-resolver/4.1.101.Final/netty-resolver-4.1.101.Final.jar:/Users/mananmistry/.m2/repository/io/netty/netty-common/4.1.101.Final/netty-common-4.1.101.Final.jar:/Users/mananmistry/.m2/repository/io/netty/netty-buffer/4.1.101.Final/netty-buffer-4.1.101.Final.jar:/Users/mananmistry/.m2/repository/io/netty/netty-handler/4.1.101.Final/netty-handler-4.1.101.Final.jar:/Users/mananmistry/.m2/repository/io/netty/netty-transport-native-unix-common/4.1.101.Final/netty-transport-native-unix-common-4.1.101.Final.jar:/Users/mananmistry/.m2/repository/io/netty/netty-transport-classes-epoll/4.1.101.Final/netty-transport-classes-epoll-4.1.101.Final.jar:/Users/mananmistry/.m2/repository/software/amazon/awssdk/arns/2.20.63/arns-2.20.63.jar:/Users/mananmistry/.m2/repository/org/springframework/spring-messaging/6.1.1/spring-messaging-6.1.1.jar:/Users/mananmistry/.m2/repository/io/kubernetes/client-java/10.0.1/client-java-10.0.1.jar:/Users/mananmistry/.m2/repository/io/prometheus/simpleclient/0.16.0/simpleclient-0.16.0.jar:/Users/mananmistry/.m2/repository/io/prometheus/simpleclient_tracer_otel/0.16.0/simpleclient_tracer_otel-0.16.0.jar:/Users/mananmistry/.m2/repository/io/prometheus/simpleclient_tracer_common/0.16.0/simpleclient_tracer_common-0.16.0.jar:/Users/mananmistry/.m2/repository/io/prometheus/simpleclient_tracer_otel_agent/0.16.0/simpleclient_tracer_otel_agent-0.16.0.jar:/Users/mananmistry/.m2/repository/io/prometheus/simpleclient_httpserver/0.16.0/simpleclient_httpserver-0.16.0.jar:/Users/mananmistry/.m2/repository/io/prometheus/simpleclient_common/0.16.0/simpleclient_common-0.16.0.jar:/Users/mananmistry/.m2/repository/io/kubernetes/client-java-api/10.0.1/client-java-api-10.0.1.jar:/Users/mananmistry/.m2/repository/io/sundr/builder-annotations/0.22.0/builder-annotations-0.22.0.jar:/Users/mananmistry/.m2/repository/io/sundr/sundr-core/0.22.0/sundr-core-0.22.0.jar:/Users/mananmistry/.m2/repository/io/sundr/sundr-codegen/0.22.0/sundr-codegen-0.22.0.jar:/Users/mananmistry/.m2/repository/io/sundr/resourcecify-annotations/0.22.0/resourcecify-annotations-0.22.0.jar:/Users/mananmistry/.m2/repository/javax/annotation/javax.annotation-api/1.3.2/javax.annotation-api-1.3.2.jar:/Users/mananmistry/.m2/repository/io/swagger/swagger-annotations/1.6.2/swagger-annotations-1.6.2.jar:/Users/mananmistry/.m2/repository/com/squareup/okhttp3/okhttp/4.12.0/okhttp-4.12.0.jar:/Users/mananmistry/.m2/repository/com/squareup/okio/okio/3.6.0/okio-3.6.0.jar:/Users/mananmistry/.m2/repository/com/squareup/okio/okio-jvm/3.6.0/okio-jvm-3.6.0.jar:/Users/mananmistry/.m2/repository/org/jetbrains/kotlin/kotlin-stdlib-common/1.9.20/kotlin-stdlib-common-1.9.20.jar:/Users/mananmistry/.m2/repository/org/jetbrains/kotlin/kotlin-stdlib-jdk8/1.9.20/kotlin-stdlib-jdk8-1.9.20.jar:/Users/mananmistry/.m2/repository/org/jetbrains/kotlin/kotlin-stdlib/1.9.20/kotlin-stdlib-1.9.20.jar:/Users/mananmistry/.m2/repository/org/jetbrains/annotations/13.0/annotations-13.0.jar:/Users/mananmistry/.m2/repository/org/jetbrains/kotlin/kotlin-stdlib-jdk7/1.9.20/kotlin-stdlib-jdk7-1.9.20.jar:/Users/mananmistry/.m2/repository/com/squareup/okhttp3/logging-interceptor/4.12.0/logging-interceptor-4.12.0.jar:/Users/mananmistry/.m2/repository/io/gsonfire/gson-fire/1.8.4/gson-fire-1.8.4.jar:/Users/mananmistry/.m2/repository/org/joda/joda-convert/2.2.1/joda-convert-2.2.1.jar:/Users/mananmistry/.m2/repository/com/google/code/findbugs/jsr305/3.0.2/jsr305-3.0.2.jar:/Users/mananmistry/.m2/repository/io/kubernetes/client-java-proto/10.0.1/client-java-proto-10.0.1.jar:/Users/mananmistry/.m2/repository/commons-codec/commons-codec/1.16.0/commons-codec-1.16.0.jar:/Users/mananmistry/.m2/repository/org/apache/commons/commons-compress/1.20/commons-compress-1.20.jar:/Users/mananmistry/.m2/repository/org/apache/commons/commons-lang3/3.13.0/commons-lang3-3.13.0.jar:/Users/mananmistry/.m2/repository/commons-io/commons-io/2.8.0/commons-io-2.8.0.jar:/Users/mananmistry/.m2/repository/com/google/guava/guava/29.0-jre/guava-29.0-jre.jar:/Users/mananmistry/.m2/repository/com/google/guava/failureaccess/1.0.1/failureaccess-1.0.1.jar:/Users/mananmistry/.m2/repository/com/google/guava/listenablefuture/9999.0-empty-to-avoid-conflict-with-guava/listenablefuture-9999.0-empty-to-avoid-conflict-with-guava.jar:/Users/mananmistry/.m2/repository/org/checkerframework/checker-qual/2.11.1/checker-qual-2.11.1.jar:/Users/mananmistry/.m2/repository/com/google/errorprone/error_prone_annotations/2.3.4/error_prone_annotations-2.3.4.jar:/Users/mananmistry/.m2/repository/com/google/j2objc/j2objc-annotations/1.3/j2objc-annotations-1.3.jar:/Users/mananmistry/.m2/repository/org/bouncycastle/bcprov-ext-jdk15on/1.66/bcprov-ext-jdk15on-1.66.jar:/Users/mananmistry/.m2/repository/org/bouncycastle/bcpkix-jdk15on/1.66/bcpkix-jdk15on-1.66.jar:/Users/mananmistry/.m2/repository/org/bouncycastle/bcprov-jdk15on/1.66/bcprov-jdk15on-1.66.jar:/Users/mananmistry/.m2/repository/com/google/protobuf/protobuf-java/3.13.0/protobuf-java-3.13.0.jar:/Users/mananmistry/.m2/repository/org/apache/commons/commons-collections4/4.4/commons-collections4-4.4.jar:/Users/mananmistry/.m2/repository/org/bitbucket/b_c/jose4j/0.7.2/jose4j-0.7.2.jar:/Users/mananmistry/.m2/repository/org/projectlombok/lombok/1.18.30/lombok-1.18.30.jar:/Users/mananmistry/.m2/repository/org/springframework/boot/spring-boot-starter-test/3.2.1-SNAPSHOT/spring-boot-starter-test-3.2.1-SNAPSHOT.jar:/Users/mananmistry/.m2/repository/org/springframework/boot/spring-boot-test/3.2.1-SNAPSHOT/spring-boot-test-3.2.1-SNAPSHOT.jar:/Users/mananmistry/.m2/repository/org/springframework/boot/spring-boot-test-autoconfigure/3.2.1-SNAPSHOT/spring-boot-test-autoconfigure-3.2.1-SNAPSHOT.jar:/Users/mananmistry/.m2/repository/com/jayway/jsonpath/json-path/2.8.0/json-path-2.8.0.jar:/Users/mananmistry/.m2/repository/jakarta/xml/bind/jakarta.xml.bind-api/4.0.1/jakarta.xml.bind-api-4.0.1.jar:/Users/mananmistry/.m2/repository/jakarta/activation/jakarta.activation-api/2.1.2/jakarta.activation-api-2.1.2.jar:/Users/mananmistry/.m2/repository/net/minidev/json-smart/2.5.0/json-smart-2.5.0.jar:/Users/mananmistry/.m2/repository/net/minidev/accessors-smart/2.5.0/accessors-smart-2.5.0.jar:/Users/mananmistry/.m2/repository/org/ow2/asm/asm/9.3/asm-9.3.jar:/Users/mananmistry/.m2/repository/org/assertj/assertj-core/3.24.2/assertj-core-3.24.2.jar:/Users/mananmistry/.m2/repository/net/bytebuddy/byte-buddy/1.14.10/byte-buddy-1.14.10.jar:/Users/mananmistry/.m2/repository/org/awaitility/awaitility/4.2.0/awaitility-4.2.0.jar:/Users/mananmistry/.m2/repository/org/hamcrest/hamcrest/2.2/hamcrest-2.2.jar:/Users/mananmistry/.m2/repository/org/junit/jupiter/junit-jupiter/5.10.1/junit-jupiter-5.10.1.jar:/Users/mananmistry/.m2/repository/org/junit/jupiter/junit-jupiter-api/5.10.1/junit-jupiter-api-5.10.1.jar:/Users/mananmistry/.m2/repository/org/opentest4j/opentest4j/1.3.0/opentest4j-1.3.0.jar:/Users/mananmistry/.m2/repository/org/junit/platform/junit-platform-commons/1.10.1/junit-platform-commons-1.10.1.jar:/Users/mananmistry/.m2/repository/org/apiguardian/apiguardian-api/1.1.2/apiguardian-api-1.1.2.jar:/Users/mananmistry/.m2/repository/org/junit/jupiter/junit-jupiter-params/5.10.1/junit-jupiter-params-5.10.1.jar:/Users/mananmistry/.m2/repository/org/junit/jupiter/junit-jupiter-engine/5.10.1/junit-jupiter-engine-5.10.1.jar:/Users/mananmistry/.m2/repository/org/junit/platform/junit-platform-engine/1.10.1/junit-platform-engine-1.10.1.jar:/Users/mananmistry/.m2/repository/org/mockito/mockito-core/5.7.0/mockito-core-5.7.0.jar:/Users/mananmistry/.m2/repository/net/bytebuddy/byte-buddy-agent/1.14.10/byte-buddy-agent-1.14.10.jar:/Users/mananmistry/.m2/repository/org/objenesis/objenesis/3.3/objenesis-3.3.jar:/Users/mananmistry/.m2/repository/org/mockito/mockito-junit-jupiter/5.7.0/mockito-junit-jupiter-5.7.0.jar:/Users/mananmistry/.m2/repository/org/skyscreamer/jsonassert/1.5.1/jsonassert-1.5.1.jar:/Users/mananmistry/.m2/repository/com/vaadin/external/google/android-json/0.0.20131108.vaadin1/android-json-0.0.20131108.vaadin1.jar:/Users/mananmistry/.m2/repository/org/springframework/spring-test/6.1.1/spring-test-6.1.1.jar:/Users/mananmistry/.m2/repository/org/xmlunit/xmlunit-core/2.9.1/xmlunit-core-2.9.1.jar:"/>
    <property name="sun.cpu.endian" value="little"/>
    <property name="user.home" value="/Users/mananmistry"/>
    <property name="user.language" value="en"/>
    <property name="java.specification.vendor" value="Oracle Corporation"/>
    <property name="java.version.date" value="2023-09-19"/>
    <property name="java.home" value="/opt/homebrew/Cellar/openjdk/21/libexec/openjdk.jdk/Contents/Home"/>
    <property name="file.separator" value="/"/>
    <property name="basedir" value="/Users/mananmistry/Dal/CSCI 5409 Cloud/git/Assignment/Term Project/CloudHarbour-Deployer"/>
    <property name="java.vm.compressedOopsMode" value="Zero based"/>
    <property name="line.separator" value="&#10;"/>
    <property name="java.vm.specification.vendor" value="Oracle Corporation"/>
    <property name="java.specification.name" value="Java Platform API Specification"/>
    <property name="FILE_LOG_CHARSET" value="UTF-8"/>
    <property name="java.awt.headless" value="true"/>
    <property name="apple.awt.application.name" value="ForkedBooter"/>
    <property name="surefire.real.class.path" value="/Users/mananmistry/Dal/CSCI 5409 Cloud/git/Assignment/Term Project/CloudHarbour-Deployer/target/surefire/surefirebooter-20231130122719138_3.jar"/>
    <property name="sun.management.compiler" value="HotSpot 64-Bit Tiered Compilers"/>
    <property name="ftp.nonProxyHosts" value="local|*.local|169.254/16|*.169.254/16"/>
    <property name="java.runtime.version" value="21"/>
    <property name="user.name" value="mananmistry"/>
    <property name="stdout.encoding" value="US-ASCII"/>
    <property name="path.separator" value=":"/>
    <property name="os.version" value="13.5.2"/>
    <property name="java.runtime.name" value="OpenJDK Runtime Environment"/>
    <property name="file.encoding" value="UTF-8"/>
    <property name="java.vm.name" value="OpenJDK 64-Bit Server VM"/>
    <property name="java.vendor.version" value="Homebrew"/>
    <property name="localRepository" value="/Users/mananmistry/.m2/repository"/>
    <property name="java.vendor.url.bug" value="https://github.com/Homebrew/homebrew-core/issues"/>
    <property name="java.io.tmpdir" value="/var/folders/j0/4_vrhhqj6ljd61nw338w5qm40000gn/T/"/>
    <property name="java.version" value="21"/>
    <property name="user.dir" value="/Users/mananmistry/Dal/CSCI 5409 Cloud/git/Assignment/Term Project/CloudHarbour-Deployer"/>
    <property name="os.arch" value="aarch64"/>
    <property name="java.vm.specification.name" value="Java Virtual Machine Specification"/>
    <property name="PID" value="90922"/>
    <property name="CONSOLE_LOG_CHARSET" value="UTF-8"/>
    <property name="native.encoding" value="US-ASCII"/>
    <property name="java.library.path" value="/Users/mananmistry/Library/Java/Extensions:/Library/Java/Extensions:/Network/Library/Java/Extensions:/System/Library/Java/Extensions:/usr/lib/java:."/>
    <property name="java.vm.info" value="mixed mode, sharing"/>
    <property name="stderr.encoding" value="US-ASCII"/>
    <property name="java.vendor" value="Homebrew"/>
    <property name="java.vm.version" value="21"/>
    <property name="sun.io.unicode.encoding" value="UnicodeBig"/>
    <property name="socksNonProxyHosts" value="local|*.local|169.254/16|*.169.254/16"/>
    <property name="java.class.version" value="65.0"/>
  </properties>
  <testcase name="contextLoads" classname="com.example.cloudharbourdeployer.CloudHarbourDeployerApplicationTests" time="0.006">
    <error message="Failed to load ApplicationContext for [MergedContextConfiguration@3d615b2e testClass = com.example.cloudharbourdeployer.CloudHarbourDeployerApplicationTests, locations = [], classes = [com.example.cloudharbourdeployer.CloudHarbourDeployerApplication], contextInitializerClasses = [], activeProfiles = [], propertySourceDescriptors = [], propertySourceProperties = [&quot;org.springframework.boot.test.context.SpringBootTestContextBootstrapper=true&quot;], contextCustomizers = [org.springframework.boot.test.context.filter.ExcludeFilterContextCustomizer@4082ba93, org.springframework.boot.test.json.DuplicateJsonObjectContextCustomizerFactory$DuplicateJsonObjectContextCustomizer@43df23d3, org.springframework.boot.test.mock.mockito.MockitoContextCustomizer@0, org.springframework.boot.test.web.client.TestRestTemplateContextCustomizer@4d0d9fe7, org.springframework.boot.test.autoconfigure.actuate.observability.ObservabilityContextCustomizerFactory$DisableObservabilityContextCustomizer@1f, org.springframework.boot.test.autoconfigure.properties.PropertyMappingContextCustomizer@0, org.springframework.boot.test.autoconfigure.web.servlet.WebDriverContextCustomizer@480d3575, org.springframework.boot.test.context.SpringBootTestAnnotation@ad1df9bf], contextLoader = org.springframework.boot.test.context.SpringBootContextLoader, parent = null]" type="java.lang.IllegalStateException"><![CDATA[java.lang.IllegalStateException: Failed to load ApplicationContext for [MergedContextConfiguration@3d615b2e testClass = com.example.cloudharbourdeployer.CloudHarbourDeployerApplicationTests, locations = [], classes = [com.example.cloudharbourdeployer.CloudHarbourDeployerApplication], contextInitializerClasses = [], activeProfiles = [], propertySourceDescriptors = [], propertySourceProperties = ["org.springframework.boot.test.context.SpringBootTestContextBootstrapper=true"], contextCustomizers = [org.springframework.boot.test.context.filter.ExcludeFilterContextCustomizer@4082ba93, org.springframework.boot.test.json.DuplicateJsonObjectContextCustomizerFactory$DuplicateJsonObjectContextCustomizer@43df23d3, org.springframework.boot.test.mock.mockito.MockitoContextCustomizer@0, org.springframework.boot.test.web.client.TestRestTemplateContextCustomizer@4d0d9fe7, org.springframework.boot.test.autoconfigure.actuate.observability.ObservabilityContextCustomizerFactory$DisableObservabilityContextCustomizer@1f, org.springframework.boot.test.autoconfigure.properties.PropertyMappingContextCustomizer@0, org.springframework.boot.test.autoconfigure.web.servlet.WebDriverContextCustomizer@480d3575, org.springframework.boot.test.context.SpringBootTestAnnotation@ad1df9bf], contextLoader = org.springframework.boot.test.context.SpringBootContextLoader, parent = null]
	at org.springframework.test.context.cache.DefaultCacheAwareContextLoaderDelegate.loadContext(DefaultCacheAwareContextLoaderDelegate.java:180)
	at org.springframework.test.context.support.DefaultTestContext.getApplicationContext(DefaultTestContext.java:130)
	at org.springframework.test.context.support.DependencyInjectionTestExecutionListener.injectDependencies(DependencyInjectionTestExecutionListener.java:141)
	at org.springframework.test.context.support.DependencyInjectionTestExecutionListener.prepareTestInstance(DependencyInjectionTestExecutionListener.java:97)
	at org.springframework.test.context.TestContextManager.prepareTestInstance(TestContextManager.java:247)
	at org.springframework.test.context.junit.jupiter.SpringExtension.postProcessTestInstance(SpringExtension.java:163)
	at java.base/java.util.stream.ReferencePipeline$3$1.accept(ReferencePipeline.java:197)
	at java.base/java.util.stream.ReferencePipeline$2$1.accept(ReferencePipeline.java:179)
	at java.base/java.util.ArrayList$ArrayListSpliterator.forEachRemaining(ArrayList.java:1708)
	at java.base/java.util.stream.AbstractPipeline.copyInto(AbstractPipeline.java:509)
	at java.base/java.util.stream.AbstractPipeline.wrapAndCopyInto(AbstractPipeline.java:499)
	at java.base/java.util.stream.StreamSpliterators$WrappingSpliterator.forEachRemaining(StreamSpliterators.java:310)
	at java.base/java.util.stream.Streams$ConcatSpliterator.forEachRemaining(Streams.java:735)
	at java.base/java.util.stream.Streams$ConcatSpliterator.forEachRemaining(Streams.java:734)
	at java.base/java.util.stream.ReferencePipeline$Head.forEach(ReferencePipeline.java:762)
	at java.base/java.util.Optional.orElseGet(Optional.java:364)
	at java.base/java.util.ArrayList.forEach(ArrayList.java:1596)
	at java.base/java.util.ArrayList.forEach(ArrayList.java:1596)
Caused by: org.springframework.beans.factory.BeanCreationException: Error creating bean with name 'deploymentManager' defined in file [/Users/mananmistry/Dal/CSCI 5409 Cloud/git/Assignment/Term Project/CloudHarbour-Deployer/target/classes/com/example/cloudharbourdeployer/DeploymentManager.class]: Failed to instantiate [com.example.cloudharbourdeployer.DeploymentManager]: Constructor threw exception
	at org.springframework.beans.factory.support.AbstractAutowireCapableBeanFactory.instantiateBean(AbstractAutowireCapableBeanFactory.java:1318)
	at org.springframework.beans.factory.support.AbstractAutowireCapableBeanFactory.createBeanInstance(AbstractAutowireCapableBeanFactory.java:1203)
	at org.springframework.beans.factory.support.AbstractAutowireCapableBeanFactory.doCreateBean(AbstractAutowireCapableBeanFactory.java:563)
	at org.springframework.beans.factory.support.AbstractAutowireCapableBeanFactory.createBean(AbstractAutowireCapableBeanFactory.java:523)
	at org.springframework.beans.factory.support.AbstractBeanFactory.lambda$doGetBean$0(AbstractBeanFactory.java:325)
	at org.springframework.beans.factory.support.DefaultSingletonBeanRegistry.getSingleton(DefaultSingletonBeanRegistry.java:234)
	at org.springframework.beans.factory.support.AbstractBeanFactory.doGetBean(AbstractBeanFactory.java:323)
	at org.springframework.beans.factory.support.AbstractBeanFactory.getBean(AbstractBeanFactory.java:199)
	at org.springframework.beans.factory.support.DefaultListableBeanFactory.preInstantiateSingletons(DefaultListableBeanFactory.java:973)
	at org.springframework.context.support.AbstractApplicationContext.finishBeanFactoryInitialization(AbstractApplicationContext.java:946)
	at org.springframework.context.support.AbstractApplicationContext.refresh(AbstractApplicationContext.java:616)
	at org.springframework.boot.SpringApplication.refresh(SpringApplication.java:754)
	at org.springframework.boot.SpringApplication.refreshContext(SpringApplication.java:456)
	at org.springframework.boot.SpringApplication.run(SpringApplication.java:326)
	at org.springframework.boot.test.context.SpringBootContextLoader.lambda$loadContext$3(SpringBootContextLoader.java:137)
	at org.springframework.util.function.ThrowingSupplier.get(ThrowingSupplier.java:58)
	at org.springframework.util.function.ThrowingSupplier.get(ThrowingSupplier.java:46)
	at org.springframework.boot.SpringApplication.withHook(SpringApplication.java:1443)
	at org.springframework.boot.test.context.SpringBootContextLoader$ContextLoaderHook.run(SpringBootContextLoader.java:552)
	at org.springframework.boot.test.context.SpringBootContextLoader.loadContext(SpringBootContextLoader.java:137)
	at org.springframework.boot.test.context.SpringBootContextLoader.loadContext(SpringBootContextLoader.java:108)
	at org.springframework.test.context.cache.DefaultCacheAwareContextLoaderDelegate.loadContextInternal(DefaultCacheAwareContextLoaderDelegate.java:225)
	at org.springframework.test.context.cache.DefaultCacheAwareContextLoaderDelegate.loadContext(DefaultCacheAwareContextLoaderDelegate.java:152)
	... 17 more
Caused by: org.springframework.beans.BeanInstantiationException: Failed to instantiate [com.example.cloudharbourdeployer.DeploymentManager]: Constructor threw exception
	at org.springframework.beans.BeanUtils.instantiateClass(BeanUtils.java:223)
	at org.springframework.beans.factory.support.SimpleInstantiationStrategy.instantiate(SimpleInstantiationStrategy.java:88)
	at org.springframework.beans.factory.support.AbstractAutowireCapableBeanFactory.instantiateBean(AbstractAutowireCapableBeanFactory.java:1312)
	... 39 more
Caused by: java.lang.NoSuchMethodError: org.yaml.snakeyaml.constructor.SafeConstructor: method 'void <init>()' not found
	at io.kubernetes.client.util.KubeConfig.loadKubeConfig(KubeConfig.java:83)
	at io.kubernetes.client.util.ClientBuilder.getClientBuilder(ClientBuilder.java:103)
	at io.kubernetes.client.util.ClientBuilder.standard(ClientBuilder.java:87)
	at io.kubernetes.client.util.ClientBuilder.standard(ClientBuilder.java:79)
	at io.kubernetes.client.util.Config.defaultClient(Config.java:113)
	at com.example.cloudharbourdeployer.DeploymentManager.<init>(DeploymentManager.java:31)
	at java.base/java.lang.reflect.Constructor.newInstanceWithCaller(Constructor.java:502)
	at java.base/java.lang.reflect.Constructor.newInstance(Constructor.java:486)
	at org.springframework.beans.BeanUtils.instantiateClass(BeanUtils.java:197)
	... 41 more
]]></error>
    <system-out><![CDATA[12:27:19.850 [main] INFO org.springframework.test.context.support.AnnotationConfigContextLoaderUtils -- Could not detect default configuration classes for test class [com.example.cloudharbourdeployer.CloudHarbourDeployerApplicationTests]: CloudHarbourDeployerApplicationTests does not declare any static, non-private, non-final, nested classes annotated with @Configuration.
12:27:19.925 [main] INFO org.springframework.boot.test.context.SpringBootTestContextBootstrapper -- Found @SpringBootConfiguration com.example.cloudharbourdeployer.CloudHarbourDeployerApplication for test class com.example.cloudharbourdeployer.CloudHarbourDeployerApplicationTests

  .   ____          _            __ _ _
 /\\ / ___'_ __ _ _(_)_ __  __ _ \ \ \ \
( ( )\___ | '_ | '_| | '_ \/ _` | \ \ \ \
 \\/  ___)| |_)| | | | | || (_| |  ) ) ) )
  '  |____| .__|_| |_|_| |_\__, | / / / /
 =========|_|==============|___/=/_/_/_/
 :: Spring Boot ::       (v3.2.1-SNAPSHOT)

2023-11-30T12:27:20.190-04:00  INFO 90922 --- [           main] e.c.CloudHarbourDeployerApplicationTests : Starting CloudHarbourDeployerApplicationTests using Java 21 with PID 90922 (started by mananmistry in /Users/mananmistry/Dal/CSCI 5409 Cloud/git/Assignment/Term Project/CloudHarbour-Deployer)
2023-11-30T12:27:20.190-04:00  INFO 90922 --- [           main] e.c.CloudHarbourDeployerApplicationTests : No active profile set, falling back to 1 default profile: "default"
2023-11-30T12:27:20.386-04:00  INFO 90922 --- [           main] .s.d.r.c.RepositoryConfigurationDelegate : Bootstrapping Spring Data DynamoDB repositories in DEFAULT mode.
2023-11-30T12:27:20.414-04:00  INFO 90922 --- [           main] .s.d.r.c.RepositoryConfigurationDelegate : Finished Spring Data repository scanning in 24 ms. Found 1 DynamoDB repository interface.
2023-11-30T12:27:20.626-04:00  WARN 90922 --- [           main] trationDelegate$BeanPostProcessorChecker : Bean 'dynamoDBConfiguration' of type [com.example.cloudharbourdeployer.config.DynamoDBConfiguration$$SpringCGLIB$$0] is not eligible for getting processed by all BeanPostProcessors (for example: not eligible for auto-proxying). Is this bean getting eagerly injected into a currently created BeanPostProcessor [methodValidationPostProcessor]? Check the corresponding BeanPostProcessor declaration and its dependencies.
2023-11-30T12:27:20.733-04:00  WARN 90922 --- [           main] trationDelegate$BeanPostProcessorChecker : Bean 'amazonAWSCredentials' of type [com.amazonaws.auth.BasicSessionCredentials] is not eligible for getting processed by all BeanPostProcessors (for example: not eligible for auto-proxying). Is this bean getting eagerly injected into a currently created BeanPostProcessor [methodValidationPostProcessor]? Check the corresponding BeanPostProcessor declaration and its dependencies.
2023-11-30T12:27:21.067-04:00  WARN 90922 --- [           main] trationDelegate$BeanPostProcessorChecker : Bean 'amazonDynamoDB' of type [com.amazonaws.services.dynamodbv2.AmazonDynamoDBClient] is not eligible for getting processed by all BeanPostProcessors (for example: not eligible for auto-proxying). Is this bean getting eagerly injected into a currently created BeanPostProcessor [methodValidationPostProcessor]? Check the corresponding BeanPostProcessor declaration and its dependencies.
2023-11-30T12:27:21.081-04:00  WARN 90922 --- [           main] trationDelegate$BeanPostProcessorChecker : Bean 'dynamoDB-DynamoDBMapperConfig' of type [com.amazonaws.services.dynamodbv2.datamodeling.DynamoDBMapperConfig] is not eligible for getting processed by all BeanPostProcessors (for example: not eligible for auto-proxying). Is this bean getting eagerly injected into a currently created BeanPostProcessor [methodValidationPostProcessor]? Check the corresponding BeanPostProcessor declaration and its dependencies.
2023-11-30T12:27:21.125-04:00  WARN 90922 --- [           main] s.c.a.AnnotationConfigApplicationContext : Exception encountered during context initialization - cancelling refresh attempt: org.springframework.beans.factory.BeanCreationException: Error creating bean with name 'deploymentManager' defined in file [/Users/mananmistry/Dal/CSCI 5409 Cloud/git/Assignment/Term Project/CloudHarbour-Deployer/target/classes/com/example/cloudharbourdeployer/DeploymentManager.class]: Failed to instantiate [com.example.cloudharbourdeployer.DeploymentManager]: Constructor threw exception
2023-11-30T12:27:21.132-04:00  INFO 90922 --- [           main] .s.b.a.l.ConditionEvaluationReportLogger : 

Error starting ApplicationContext. To display the condition evaluation report re-run your application with 'debug' enabled.
2023-11-30T12:27:21.144-04:00 ERROR 90922 --- [           main] o.s.boot.SpringApplication               : Application run failed

org.springframework.beans.factory.BeanCreationException: Error creating bean with name 'deploymentManager' defined in file [/Users/mananmistry/Dal/CSCI 5409 Cloud/git/Assignment/Term Project/CloudHarbour-Deployer/target/classes/com/example/cloudharbourdeployer/DeploymentManager.class]: Failed to instantiate [com.example.cloudharbourdeployer.DeploymentManager]: Constructor threw exception
	at org.springframework.beans.factory.support.AbstractAutowireCapableBeanFactory.instantiateBean(AbstractAutowireCapableBeanFactory.java:1318) ~[spring-beans-6.1.1.jar:6.1.1]
	at org.springframework.beans.factory.support.AbstractAutowireCapableBeanFactory.createBeanInstance(AbstractAutowireCapableBeanFactory.java:1203) ~[spring-beans-6.1.1.jar:6.1.1]
	at org.springframework.beans.factory.support.AbstractAutowireCapableBeanFactory.doCreateBean(AbstractAutowireCapableBeanFactory.java:563) ~[spring-beans-6.1.1.jar:6.1.1]
	at org.springframework.beans.factory.support.AbstractAutowireCapableBeanFactory.createBean(AbstractAutowireCapableBeanFactory.java:523) ~[spring-beans-6.1.1.jar:6.1.1]
	at org.springframework.beans.factory.support.AbstractBeanFactory.lambda$doGetBean$0(AbstractBeanFactory.java:325) ~[spring-beans-6.1.1.jar:6.1.1]
	at org.springframework.beans.factory.support.DefaultSingletonBeanRegistry.getSingleton(DefaultSingletonBeanRegistry.java:234) ~[spring-beans-6.1.1.jar:6.1.1]
	at org.springframework.beans.factory.support.AbstractBeanFactory.doGetBean(AbstractBeanFactory.java:323) ~[spring-beans-6.1.1.jar:6.1.1]
	at org.springframework.beans.factory.support.AbstractBeanFactory.getBean(AbstractBeanFactory.java:199) ~[spring-beans-6.1.1.jar:6.1.1]
	at org.springframework.beans.factory.support.DefaultListableBeanFactory.preInstantiateSingletons(DefaultListableBeanFactory.java:973) ~[spring-beans-6.1.1.jar:6.1.1]
	at org.springframework.context.support.AbstractApplicationContext.finishBeanFactoryInitialization(AbstractApplicationContext.java:946) ~[spring-context-6.1.1.jar:6.1.1]
	at org.springframework.context.support.AbstractApplicationContext.refresh(AbstractApplicationContext.java:616) ~[spring-context-6.1.1.jar:6.1.1]
	at org.springframework.boot.SpringApplication.refresh(SpringApplication.java:754) ~[spring-boot-3.2.1-SNAPSHOT.jar:3.2.1-SNAPSHOT]
	at org.springframework.boot.SpringApplication.refreshContext(SpringApplication.java:456) ~[spring-boot-3.2.1-SNAPSHOT.jar:3.2.1-SNAPSHOT]
	at org.springframework.boot.SpringApplication.run(SpringApplication.java:326) ~[spring-boot-3.2.1-SNAPSHOT.jar:3.2.1-SNAPSHOT]
	at org.springframework.boot.test.context.SpringBootContextLoader.lambda$loadContext$3(SpringBootContextLoader.java:137) ~[spring-boot-test-3.2.1-SNAPSHOT.jar:3.2.1-SNAPSHOT]
	at org.springframework.util.function.ThrowingSupplier.get(ThrowingSupplier.java:58) ~[spring-core-6.1.1.jar:6.1.1]
	at org.springframework.util.function.ThrowingSupplier.get(ThrowingSupplier.java:46) ~[spring-core-6.1.1.jar:6.1.1]
	at org.springframework.boot.SpringApplication.withHook(SpringApplication.java:1443) ~[spring-boot-3.2.1-SNAPSHOT.jar:3.2.1-SNAPSHOT]
	at org.springframework.boot.test.context.SpringBootContextLoader$ContextLoaderHook.run(SpringBootContextLoader.java:552) ~[spring-boot-test-3.2.1-SNAPSHOT.jar:3.2.1-SNAPSHOT]
	at org.springframework.boot.test.context.SpringBootContextLoader.loadContext(SpringBootContextLoader.java:137) ~[spring-boot-test-3.2.1-SNAPSHOT.jar:3.2.1-SNAPSHOT]
	at org.springframework.boot.test.context.SpringBootContextLoader.loadContext(SpringBootContextLoader.java:108) ~[spring-boot-test-3.2.1-SNAPSHOT.jar:3.2.1-SNAPSHOT]
	at org.springframework.test.context.cache.DefaultCacheAwareContextLoaderDelegate.loadContextInternal(DefaultCacheAwareContextLoaderDelegate.java:225) ~[spring-test-6.1.1.jar:6.1.1]
	at org.springframework.test.context.cache.DefaultCacheAwareContextLoaderDelegate.loadContext(DefaultCacheAwareContextLoaderDelegate.java:152) ~[spring-test-6.1.1.jar:6.1.1]
	at org.springframework.test.context.support.DefaultTestContext.getApplicationContext(DefaultTestContext.java:130) ~[spring-test-6.1.1.jar:6.1.1]
	at org.springframework.test.context.support.DependencyInjectionTestExecutionListener.injectDependencies(DependencyInjectionTestExecutionListener.java:141) ~[spring-test-6.1.1.jar:6.1.1]
	at org.springframework.test.context.support.DependencyInjectionTestExecutionListener.prepareTestInstance(DependencyInjectionTestExecutionListener.java:97) ~[spring-test-6.1.1.jar:6.1.1]
	at org.springframework.test.context.TestContextManager.prepareTestInstance(TestContextManager.java:247) ~[spring-test-6.1.1.jar:6.1.1]
	at org.springframework.test.context.junit.jupiter.SpringExtension.postProcessTestInstance(SpringExtension.java:163) ~[spring-test-6.1.1.jar:6.1.1]
	at org.junit.jupiter.engine.descriptor.ClassBasedTestDescriptor.lambda$invokeTestInstancePostProcessors$10(ClassBasedTestDescriptor.java:378) ~[junit-jupiter-engine-5.10.1.jar:5.10.1]
	at org.junit.jupiter.engine.descriptor.ClassBasedTestDescriptor.executeAndMaskThrowable(ClassBasedTestDescriptor.java:383) ~[junit-jupiter-engine-5.10.1.jar:5.10.1]
	at org.junit.jupiter.engine.descriptor.ClassBasedTestDescriptor.lambda$invokeTestInstancePostProcessors$11(ClassBasedTestDescriptor.java:378) ~[junit-jupiter-engine-5.10.1.jar:5.10.1]
	at java.base/java.util.stream.ReferencePipeline$3$1.accept(ReferencePipeline.java:197) ~[na:na]
	at java.base/java.util.stream.ReferencePipeline$2$1.accept(ReferencePipeline.java:179) ~[na:na]
	at java.base/java.util.ArrayList$ArrayListSpliterator.forEachRemaining(ArrayList.java:1708) ~[na:na]
	at java.base/java.util.stream.AbstractPipeline.copyInto(AbstractPipeline.java:509) ~[na:na]
	at java.base/java.util.stream.AbstractPipeline.wrapAndCopyInto(AbstractPipeline.java:499) ~[na:na]
	at java.base/java.util.stream.StreamSpliterators$WrappingSpliterator.forEachRemaining(StreamSpliterators.java:310) ~[na:na]
	at java.base/java.util.stream.Streams$ConcatSpliterator.forEachRemaining(Streams.java:735) ~[na:na]
	at java.base/java.util.stream.Streams$ConcatSpliterator.forEachRemaining(Streams.java:734) ~[na:na]
	at java.base/java.util.stream.ReferencePipeline$Head.forEach(ReferencePipeline.java:762) ~[na:na]
	at org.junit.jupiter.engine.descriptor.ClassBasedTestDescriptor.invokeTestInstancePostProcessors(ClassBasedTestDescriptor.java:377) ~[junit-jupiter-engine-5.10.1.jar:5.10.1]
	at org.junit.jupiter.engine.descriptor.ClassBasedTestDescriptor.lambda$instantiateAndPostProcessTestInstance$6(ClassBasedTestDescriptor.java:290) ~[junit-jupiter-engine-5.10.1.jar:5.10.1]
	at org.junit.platform.engine.support.hierarchical.ThrowableCollector.execute(ThrowableCollector.java:73) ~[junit-platform-engine-1.10.1.jar:1.10.1]
	at org.junit.jupiter.engine.descriptor.ClassBasedTestDescriptor.instantiateAndPostProcessTestInstance(ClassBasedTestDescriptor.java:289) ~[junit-jupiter-engine-5.10.1.jar:5.10.1]
	at org.junit.jupiter.engine.descriptor.ClassBasedTestDescriptor.lambda$testInstancesProvider$4(ClassBasedTestDescriptor.java:279) ~[junit-jupiter-engine-5.10.1.jar:5.10.1]
	at java.base/java.util.Optional.orElseGet(Optional.java:364) ~[na:na]
	at org.junit.jupiter.engine.descriptor.ClassBasedTestDescriptor.lambda$testInstancesProvider$5(ClassBasedTestDescriptor.java:278) ~[junit-jupiter-engine-5.10.1.jar:5.10.1]
	at org.junit.jupiter.engine.execution.TestInstancesProvider.getTestInstances(TestInstancesProvider.java:31) ~[junit-jupiter-engine-5.10.1.jar:5.10.1]
	at org.junit.jupiter.engine.descriptor.TestMethodTestDescriptor.lambda$prepare$0(TestMethodTestDescriptor.java:106) ~[junit-jupiter-engine-5.10.1.jar:5.10.1]
	at org.junit.platform.engine.support.hierarchical.ThrowableCollector.execute(ThrowableCollector.java:73) ~[junit-platform-engine-1.10.1.jar:1.10.1]
	at org.junit.jupiter.engine.descriptor.TestMethodTestDescriptor.prepare(TestMethodTestDescriptor.java:105) ~[junit-jupiter-engine-5.10.1.jar:5.10.1]
	at org.junit.jupiter.engine.descriptor.TestMethodTestDescriptor.prepare(TestMethodTestDescriptor.java:69) ~[junit-jupiter-engine-5.10.1.jar:5.10.1]
	at org.junit.platform.engine.support.hierarchical.NodeTestTask.lambda$prepare$2(NodeTestTask.java:123) ~[junit-platform-engine-1.10.1.jar:1.10.1]
	at org.junit.platform.engine.support.hierarchical.ThrowableCollector.execute(ThrowableCollector.java:73) ~[junit-platform-engine-1.10.1.jar:1.10.1]
	at org.junit.platform.engine.support.hierarchical.NodeTestTask.prepare(NodeTestTask.java:123) ~[junit-platform-engine-1.10.1.jar:1.10.1]
	at org.junit.platform.engine.support.hierarchical.NodeTestTask.execute(NodeTestTask.java:90) ~[junit-platform-engine-1.10.1.jar:1.10.1]
	at java.base/java.util.ArrayList.forEach(ArrayList.java:1596) ~[na:na]
	at org.junit.platform.engine.support.hierarchical.SameThreadHierarchicalTestExecutorService.invokeAll(SameThreadHierarchicalTestExecutorService.java:41) ~[junit-platform-engine-1.10.1.jar:1.10.1]
	at org.junit.platform.engine.support.hierarchical.NodeTestTask.lambda$executeRecursively$6(NodeTestTask.java:155) ~[junit-platform-engine-1.10.1.jar:1.10.1]
	at org.junit.platform.engine.support.hierarchical.ThrowableCollector.execute(ThrowableCollector.java:73) ~[junit-platform-engine-1.10.1.jar:1.10.1]
	at org.junit.platform.engine.support.hierarchical.NodeTestTask.lambda$executeRecursively$8(NodeTestTask.java:141) ~[junit-platform-engine-1.10.1.jar:1.10.1]
	at org.junit.platform.engine.support.hierarchical.Node.around(Node.java:137) ~[junit-platform-engine-1.10.1.jar:1.10.1]
	at org.junit.platform.engine.support.hierarchical.NodeTestTask.lambda$executeRecursively$9(NodeTestTask.java:139) ~[junit-platform-engine-1.10.1.jar:1.10.1]
	at org.junit.platform.engine.support.hierarchical.ThrowableCollector.execute(ThrowableCollector.java:73) ~[junit-platform-engine-1.10.1.jar:1.10.1]
	at org.junit.platform.engine.support.hierarchical.NodeTestTask.executeRecursively(NodeTestTask.java:138) ~[junit-platform-engine-1.10.1.jar:1.10.1]
	at org.junit.platform.engine.support.hierarchical.NodeTestTask.execute(NodeTestTask.java:95) ~[junit-platform-engine-1.10.1.jar:1.10.1]
	at java.base/java.util.ArrayList.forEach(ArrayList.java:1596) ~[na:na]
	at org.junit.platform.engine.support.hierarchical.SameThreadHierarchicalTestExecutorService.invokeAll(SameThreadHierarchicalTestExecutorService.java:41) ~[junit-platform-engine-1.10.1.jar:1.10.1]
	at org.junit.platform.engine.support.hierarchical.NodeTestTask.lambda$executeRecursively$6(NodeTestTask.java:155) ~[junit-platform-engine-1.10.1.jar:1.10.1]
	at org.junit.platform.engine.support.hierarchical.ThrowableCollector.execute(ThrowableCollector.java:73) ~[junit-platform-engine-1.10.1.jar:1.10.1]
	at org.junit.platform.engine.support.hierarchical.NodeTestTask.lambda$executeRecursively$8(NodeTestTask.java:141) ~[junit-platform-engine-1.10.1.jar:1.10.1]
	at org.junit.platform.engine.support.hierarchical.Node.around(Node.java:137) ~[junit-platform-engine-1.10.1.jar:1.10.1]
	at org.junit.platform.engine.support.hierarchical.NodeTestTask.lambda$executeRecursively$9(NodeTestTask.java:139) ~[junit-platform-engine-1.10.1.jar:1.10.1]
	at org.junit.platform.engine.support.hierarchical.ThrowableCollector.execute(ThrowableCollector.java:73) ~[junit-platform-engine-1.10.1.jar:1.10.1]
	at org.junit.platform.engine.support.hierarchical.NodeTestTask.executeRecursively(NodeTestTask.java:138) ~[junit-platform-engine-1.10.1.jar:1.10.1]
	at org.junit.platform.engine.support.hierarchical.NodeTestTask.execute(NodeTestTask.java:95) ~[junit-platform-engine-1.10.1.jar:1.10.1]
	at org.junit.platform.engine.support.hierarchical.SameThreadHierarchicalTestExecutorService.submit(SameThreadHierarchicalTestExecutorService.java:35) ~[junit-platform-engine-1.10.1.jar:1.10.1]
	at org.junit.platform.engine.support.hierarchical.HierarchicalTestExecutor.execute(HierarchicalTestExecutor.java:57) ~[junit-platform-engine-1.10.1.jar:1.10.1]
	at org.junit.platform.engine.support.hierarchical.HierarchicalTestEngine.execute(HierarchicalTestEngine.java:54) ~[junit-platform-engine-1.10.1.jar:1.10.1]
	at org.junit.platform.launcher.core.EngineExecutionOrchestrator.execute(EngineExecutionOrchestrator.java:198) ~[junit-platform-launcher-1.10.1.jar:1.10.1]
	at org.junit.platform.launcher.core.EngineExecutionOrchestrator.execute(EngineExecutionOrchestrator.java:169) ~[junit-platform-launcher-1.10.1.jar:1.10.1]
	at org.junit.platform.launcher.core.EngineExecutionOrchestrator.execute(EngineExecutionOrchestrator.java:93) ~[junit-platform-launcher-1.10.1.jar:1.10.1]
	at org.junit.platform.launcher.core.EngineExecutionOrchestrator.lambda$execute$0(EngineExecutionOrchestrator.java:58) ~[junit-platform-launcher-1.10.1.jar:1.10.1]
	at org.junit.platform.launcher.core.EngineExecutionOrchestrator.withInterceptedStreams(EngineExecutionOrchestrator.java:141) ~[junit-platform-launcher-1.10.1.jar:1.10.1]
	at org.junit.platform.launcher.core.EngineExecutionOrchestrator.execute(EngineExecutionOrchestrator.java:57) ~[junit-platform-launcher-1.10.1.jar:1.10.1]
	at org.junit.platform.launcher.core.DefaultLauncher.execute(DefaultLauncher.java:103) ~[junit-platform-launcher-1.10.1.jar:1.10.1]
	at org.junit.platform.launcher.core.DefaultLauncher.execute(DefaultLauncher.java:85) ~[junit-platform-launcher-1.10.1.jar:1.10.1]
	at org.junit.platform.launcher.core.DelegatingLauncher.execute(DelegatingLauncher.java:47) ~[junit-platform-launcher-1.10.1.jar:1.10.1]
	at org.apache.maven.surefire.junitplatform.LazyLauncher.execute(LazyLauncher.java:56) ~[surefire-junit-platform-3.1.2.jar:3.1.2]
	at org.apache.maven.surefire.junitplatform.JUnitPlatformProvider.execute(JUnitPlatformProvider.java:184) ~[surefire-junit-platform-3.1.2.jar:3.1.2]
	at org.apache.maven.surefire.junitplatform.JUnitPlatformProvider.invokeAllTests(JUnitPlatformProvider.java:148) ~[surefire-junit-platform-3.1.2.jar:3.1.2]
	at org.apache.maven.surefire.junitplatform.JUnitPlatformProvider.invoke(JUnitPlatformProvider.java:122) ~[surefire-junit-platform-3.1.2.jar:3.1.2]
	at org.apache.maven.surefire.booter.ForkedBooter.runSuitesInProcess(ForkedBooter.java:385) ~[surefire-booter-3.1.2.jar:3.1.2]
	at org.apache.maven.surefire.booter.ForkedBooter.execute(ForkedBooter.java:162) ~[surefire-booter-3.1.2.jar:3.1.2]
	at org.apache.maven.surefire.booter.ForkedBooter.run(ForkedBooter.java:507) ~[surefire-booter-3.1.2.jar:3.1.2]
	at org.apache.maven.surefire.booter.ForkedBooter.main(ForkedBooter.java:495) ~[surefire-booter-3.1.2.jar:3.1.2]
Caused by: org.springframework.beans.BeanInstantiationException: Failed to instantiate [com.example.cloudharbourdeployer.DeploymentManager]: Constructor threw exception
	at org.springframework.beans.BeanUtils.instantiateClass(BeanUtils.java:223) ~[spring-beans-6.1.1.jar:6.1.1]
	at org.springframework.beans.factory.support.SimpleInstantiationStrategy.instantiate(SimpleInstantiationStrategy.java:88) ~[spring-beans-6.1.1.jar:6.1.1]
	at org.springframework.beans.factory.support.AbstractAutowireCapableBeanFactory.instantiateBean(AbstractAutowireCapableBeanFactory.java:1312) ~[spring-beans-6.1.1.jar:6.1.1]
	... 95 common frames omitted
Caused by: java.lang.NoSuchMethodError: org.yaml.snakeyaml.constructor.SafeConstructor: method 'void <init>()' not found
	at io.kubernetes.client.util.KubeConfig.loadKubeConfig(KubeConfig.java:83) ~[client-java-10.0.1.jar:na]
	at io.kubernetes.client.util.ClientBuilder.getClientBuilder(ClientBuilder.java:103) ~[client-java-10.0.1.jar:na]
	at io.kubernetes.client.util.ClientBuilder.standard(ClientBuilder.java:87) ~[client-java-10.0.1.jar:na]
	at io.kubernetes.client.util.ClientBuilder.standard(ClientBuilder.java:79) ~[client-java-10.0.1.jar:na]
	at io.kubernetes.client.util.Config.defaultClient(Config.java:113) ~[client-java-10.0.1.jar:na]
	at com.example.cloudharbourdeployer.DeploymentManager.<init>(DeploymentManager.java:31) ~[classes/:na]
	at java.base/jdk.internal.reflect.DirectConstructorHandleAccessor.newInstance(DirectConstructorHandleAccessor.java:62) ~[na:na]
	at java.base/java.lang.reflect.Constructor.newInstanceWithCaller(Constructor.java:502) ~[na:na]
	at java.base/java.lang.reflect.Constructor.newInstance(Constructor.java:486) ~[na:na]
	at org.springframework.beans.BeanUtils.instantiateClass(BeanUtils.java:197) ~[spring-beans-6.1.1.jar:6.1.1]
	... 97 common frames omitted

2023-11-30T12:27:21.153-04:00 ERROR 90922 --- [           main] o.s.test.context.TestContextManager      : Caught exception while allowing TestExecutionListener [org.springframework.test.context.support.DependencyInjectionTestExecutionListener] to prepare test instance [com.example.cloudharbourdeployer.CloudHarbourDeployerApplicationTests@3a1f2a1]

java.lang.IllegalStateException: Failed to load ApplicationContext for [MergedContextConfiguration@3d615b2e testClass = com.example.cloudharbourdeployer.CloudHarbourDeployerApplicationTests, locations = [], classes = [com.example.cloudharbourdeployer.CloudHarbourDeployerApplication], contextInitializerClasses = [], activeProfiles = [], propertySourceDescriptors = [], propertySourceProperties = ["org.springframework.boot.test.context.SpringBootTestContextBootstrapper=true"], contextCustomizers = [org.springframework.boot.test.context.filter.ExcludeFilterContextCustomizer@4082ba93, org.springframework.boot.test.json.DuplicateJsonObjectContextCustomizerFactory$DuplicateJsonObjectContextCustomizer@43df23d3, org.springframework.boot.test.mock.mockito.MockitoContextCustomizer@0, org.springframework.boot.test.web.client.TestRestTemplateContextCustomizer@4d0d9fe7, org.springframework.boot.test.autoconfigure.actuate.observability.ObservabilityContextCustomizerFactory$DisableObservabilityContextCustomizer@1f, org.springframework.boot.test.autoconfigure.properties.PropertyMappingContextCustomizer@0, org.springframework.boot.test.autoconfigure.web.servlet.WebDriverContextCustomizer@480d3575, org.springframework.boot.test.context.SpringBootTestAnnotation@ad1df9bf], contextLoader = org.springframework.boot.test.context.SpringBootContextLoader, parent = null]
	at org.springframework.test.context.cache.DefaultCacheAwareContextLoaderDelegate.loadContext(DefaultCacheAwareContextLoaderDelegate.java:180) ~[spring-test-6.1.1.jar:6.1.1]
	at org.springframework.test.context.support.DefaultTestContext.getApplicationContext(DefaultTestContext.java:130) ~[spring-test-6.1.1.jar:6.1.1]
	at org.springframework.test.context.support.DependencyInjectionTestExecutionListener.injectDependencies(DependencyInjectionTestExecutionListener.java:141) ~[spring-test-6.1.1.jar:6.1.1]
	at org.springframework.test.context.support.DependencyInjectionTestExecutionListener.prepareTestInstance(DependencyInjectionTestExecutionListener.java:97) ~[spring-test-6.1.1.jar:6.1.1]
	at org.springframework.test.context.TestContextManager.prepareTestInstance(TestContextManager.java:247) ~[spring-test-6.1.1.jar:6.1.1]
	at org.springframework.test.context.junit.jupiter.SpringExtension.postProcessTestInstance(SpringExtension.java:163) ~[spring-test-6.1.1.jar:6.1.1]
	at org.junit.jupiter.engine.descriptor.ClassBasedTestDescriptor.lambda$invokeTestInstancePostProcessors$10(ClassBasedTestDescriptor.java:378) ~[junit-jupiter-engine-5.10.1.jar:5.10.1]
	at org.junit.jupiter.engine.descriptor.ClassBasedTestDescriptor.executeAndMaskThrowable(ClassBasedTestDescriptor.java:383) ~[junit-jupiter-engine-5.10.1.jar:5.10.1]
	at org.junit.jupiter.engine.descriptor.ClassBasedTestDescriptor.lambda$invokeTestInstancePostProcessors$11(ClassBasedTestDescriptor.java:378) ~[junit-jupiter-engine-5.10.1.jar:5.10.1]
	at java.base/java.util.stream.ReferencePipeline$3$1.accept(ReferencePipeline.java:197) ~[na:na]
	at java.base/java.util.stream.ReferencePipeline$2$1.accept(ReferencePipeline.java:179) ~[na:na]
	at java.base/java.util.ArrayList$ArrayListSpliterator.forEachRemaining(ArrayList.java:1708) ~[na:na]
	at java.base/java.util.stream.AbstractPipeline.copyInto(AbstractPipeline.java:509) ~[na:na]
	at java.base/java.util.stream.AbstractPipeline.wrapAndCopyInto(AbstractPipeline.java:499) ~[na:na]
	at java.base/java.util.stream.StreamSpliterators$WrappingSpliterator.forEachRemaining(StreamSpliterators.java:310) ~[na:na]
	at java.base/java.util.stream.Streams$ConcatSpliterator.forEachRemaining(Streams.java:735) ~[na:na]
	at java.base/java.util.stream.Streams$ConcatSpliterator.forEachRemaining(Streams.java:734) ~[na:na]
	at java.base/java.util.stream.ReferencePipeline$Head.forEach(ReferencePipeline.java:762) ~[na:na]
	at org.junit.jupiter.engine.descriptor.ClassBasedTestDescriptor.invokeTestInstancePostProcessors(ClassBasedTestDescriptor.java:377) ~[junit-jupiter-engine-5.10.1.jar:5.10.1]
	at org.junit.jupiter.engine.descriptor.ClassBasedTestDescriptor.lambda$instantiateAndPostProcessTestInstance$6(ClassBasedTestDescriptor.java:290) ~[junit-jupiter-engine-5.10.1.jar:5.10.1]
	at org.junit.platform.engine.support.hierarchical.ThrowableCollector.execute(ThrowableCollector.java:73) ~[junit-platform-engine-1.10.1.jar:1.10.1]
	at org.junit.jupiter.engine.descriptor.ClassBasedTestDescriptor.instantiateAndPostProcessTestInstance(ClassBasedTestDescriptor.java:289) ~[junit-jupiter-engine-5.10.1.jar:5.10.1]
	at org.junit.jupiter.engine.descriptor.ClassBasedTestDescriptor.lambda$testInstancesProvider$4(ClassBasedTestDescriptor.java:279) ~[junit-jupiter-engine-5.10.1.jar:5.10.1]
	at java.base/java.util.Optional.orElseGet(Optional.java:364) ~[na:na]
	at org.junit.jupiter.engine.descriptor.ClassBasedTestDescriptor.lambda$testInstancesProvider$5(ClassBasedTestDescriptor.java:278) ~[junit-jupiter-engine-5.10.1.jar:5.10.1]
	at org.junit.jupiter.engine.execution.TestInstancesProvider.getTestInstances(TestInstancesProvider.java:31) ~[junit-jupiter-engine-5.10.1.jar:5.10.1]
	at org.junit.jupiter.engine.descriptor.TestMethodTestDescriptor.lambda$prepare$0(TestMethodTestDescriptor.java:106) ~[junit-jupiter-engine-5.10.1.jar:5.10.1]
	at org.junit.platform.engine.support.hierarchical.ThrowableCollector.execute(ThrowableCollector.java:73) ~[junit-platform-engine-1.10.1.jar:1.10.1]
	at org.junit.jupiter.engine.descriptor.TestMethodTestDescriptor.prepare(TestMethodTestDescriptor.java:105) ~[junit-jupiter-engine-5.10.1.jar:5.10.1]
	at org.junit.jupiter.engine.descriptor.TestMethodTestDescriptor.prepare(TestMethodTestDescriptor.java:69) ~[junit-jupiter-engine-5.10.1.jar:5.10.1]
	at org.junit.platform.engine.support.hierarchical.NodeTestTask.lambda$prepare$2(NodeTestTask.java:123) ~[junit-platform-engine-1.10.1.jar:1.10.1]
	at org.junit.platform.engine.support.hierarchical.ThrowableCollector.execute(ThrowableCollector.java:73) ~[junit-platform-engine-1.10.1.jar:1.10.1]
	at org.junit.platform.engine.support.hierarchical.NodeTestTask.prepare(NodeTestTask.java:123) ~[junit-platform-engine-1.10.1.jar:1.10.1]
	at org.junit.platform.engine.support.hierarchical.NodeTestTask.execute(NodeTestTask.java:90) ~[junit-platform-engine-1.10.1.jar:1.10.1]
	at java.base/java.util.ArrayList.forEach(ArrayList.java:1596) ~[na:na]
	at org.junit.platform.engine.support.hierarchical.SameThreadHierarchicalTestExecutorService.invokeAll(SameThreadHierarchicalTestExecutorService.java:41) ~[junit-platform-engine-1.10.1.jar:1.10.1]
	at org.junit.platform.engine.support.hierarchical.NodeTestTask.lambda$executeRecursively$6(NodeTestTask.java:155) ~[junit-platform-engine-1.10.1.jar:1.10.1]
	at org.junit.platform.engine.support.hierarchical.ThrowableCollector.execute(ThrowableCollector.java:73) ~[junit-platform-engine-1.10.1.jar:1.10.1]
	at org.junit.platform.engine.support.hierarchical.NodeTestTask.lambda$executeRecursively$8(NodeTestTask.java:141) ~[junit-platform-engine-1.10.1.jar:1.10.1]
	at org.junit.platform.engine.support.hierarchical.Node.around(Node.java:137) ~[junit-platform-engine-1.10.1.jar:1.10.1]
	at org.junit.platform.engine.support.hierarchical.NodeTestTask.lambda$executeRecursively$9(NodeTestTask.java:139) ~[junit-platform-engine-1.10.1.jar:1.10.1]
	at org.junit.platform.engine.support.hierarchical.ThrowableCollector.execute(ThrowableCollector.java:73) ~[junit-platform-engine-1.10.1.jar:1.10.1]
	at org.junit.platform.engine.support.hierarchical.NodeTestTask.executeRecursively(NodeTestTask.java:138) ~[junit-platform-engine-1.10.1.jar:1.10.1]
	at org.junit.platform.engine.support.hierarchical.NodeTestTask.execute(NodeTestTask.java:95) ~[junit-platform-engine-1.10.1.jar:1.10.1]
	at java.base/java.util.ArrayList.forEach(ArrayList.java:1596) ~[na:na]
	at org.junit.platform.engine.support.hierarchical.SameThreadHierarchicalTestExecutorService.invokeAll(SameThreadHierarchicalTestExecutorService.java:41) ~[junit-platform-engine-1.10.1.jar:1.10.1]
	at org.junit.platform.engine.support.hierarchical.NodeTestTask.lambda$executeRecursively$6(NodeTestTask.java:155) ~[junit-platform-engine-1.10.1.jar:1.10.1]
	at org.junit.platform.engine.support.hierarchical.ThrowableCollector.execute(ThrowableCollector.java:73) ~[junit-platform-engine-1.10.1.jar:1.10.1]
	at org.junit.platform.engine.support.hierarchical.NodeTestTask.lambda$executeRecursively$8(NodeTestTask.java:141) ~[junit-platform-engine-1.10.1.jar:1.10.1]
	at org.junit.platform.engine.support.hierarchical.Node.around(Node.java:137) ~[junit-platform-engine-1.10.1.jar:1.10.1]
	at org.junit.platform.engine.support.hierarchical.NodeTestTask.lambda$executeRecursively$9(NodeTestTask.java:139) ~[junit-platform-engine-1.10.1.jar:1.10.1]
	at org.junit.platform.engine.support.hierarchical.ThrowableCollector.execute(ThrowableCollector.java:73) ~[junit-platform-engine-1.10.1.jar:1.10.1]
	at org.junit.platform.engine.support.hierarchical.NodeTestTask.executeRecursively(NodeTestTask.java:138) ~[junit-platform-engine-1.10.1.jar:1.10.1]
	at org.junit.platform.engine.support.hierarchical.NodeTestTask.execute(NodeTestTask.java:95) ~[junit-platform-engine-1.10.1.jar:1.10.1]
	at org.junit.platform.engine.support.hierarchical.SameThreadHierarchicalTestExecutorService.submit(SameThreadHierarchicalTestExecutorService.java:35) ~[junit-platform-engine-1.10.1.jar:1.10.1]
	at org.junit.platform.engine.support.hierarchical.HierarchicalTestExecutor.execute(HierarchicalTestExecutor.java:57) ~[junit-platform-engine-1.10.1.jar:1.10.1]
	at org.junit.platform.engine.support.hierarchical.HierarchicalTestEngine.execute(HierarchicalTestEngine.java:54) ~[junit-platform-engine-1.10.1.jar:1.10.1]
	at org.junit.platform.launcher.core.EngineExecutionOrchestrator.execute(EngineExecutionOrchestrator.java:198) ~[junit-platform-launcher-1.10.1.jar:1.10.1]
	at org.junit.platform.launcher.core.EngineExecutionOrchestrator.execute(EngineExecutionOrchestrator.java:169) ~[junit-platform-launcher-1.10.1.jar:1.10.1]
	at org.junit.platform.launcher.core.EngineExecutionOrchestrator.execute(EngineExecutionOrchestrator.java:93) ~[junit-platform-launcher-1.10.1.jar:1.10.1]
	at org.junit.platform.launcher.core.EngineExecutionOrchestrator.lambda$execute$0(EngineExecutionOrchestrator.java:58) ~[junit-platform-launcher-1.10.1.jar:1.10.1]
	at org.junit.platform.launcher.core.EngineExecutionOrchestrator.withInterceptedStreams(EngineExecutionOrchestrator.java:141) ~[junit-platform-launcher-1.10.1.jar:1.10.1]
	at org.junit.platform.launcher.core.EngineExecutionOrchestrator.execute(EngineExecutionOrchestrator.java:57) ~[junit-platform-launcher-1.10.1.jar:1.10.1]
	at org.junit.platform.launcher.core.DefaultLauncher.execute(DefaultLauncher.java:103) ~[junit-platform-launcher-1.10.1.jar:1.10.1]
	at org.junit.platform.launcher.core.DefaultLauncher.execute(DefaultLauncher.java:85) ~[junit-platform-launcher-1.10.1.jar:1.10.1]
	at org.junit.platform.launcher.core.DelegatingLauncher.execute(DelegatingLauncher.java:47) ~[junit-platform-launcher-1.10.1.jar:1.10.1]
	at org.apache.maven.surefire.junitplatform.LazyLauncher.execute(LazyLauncher.java:56) ~[surefire-junit-platform-3.1.2.jar:3.1.2]
	at org.apache.maven.surefire.junitplatform.JUnitPlatformProvider.execute(JUnitPlatformProvider.java:184) ~[surefire-junit-platform-3.1.2.jar:3.1.2]
	at org.apache.maven.surefire.junitplatform.JUnitPlatformProvider.invokeAllTests(JUnitPlatformProvider.java:148) ~[surefire-junit-platform-3.1.2.jar:3.1.2]
	at org.apache.maven.surefire.junitplatform.JUnitPlatformProvider.invoke(JUnitPlatformProvider.java:122) ~[surefire-junit-platform-3.1.2.jar:3.1.2]
	at org.apache.maven.surefire.booter.ForkedBooter.runSuitesInProcess(ForkedBooter.java:385) ~[surefire-booter-3.1.2.jar:3.1.2]
	at org.apache.maven.surefire.booter.ForkedBooter.execute(ForkedBooter.java:162) ~[surefire-booter-3.1.2.jar:3.1.2]
	at org.apache.maven.surefire.booter.ForkedBooter.run(ForkedBooter.java:507) ~[surefire-booter-3.1.2.jar:3.1.2]
	at org.apache.maven.surefire.booter.ForkedBooter.main(ForkedBooter.java:495) ~[surefire-booter-3.1.2.jar:3.1.2]
Caused by: org.springframework.beans.factory.BeanCreationException: Error creating bean with name 'deploymentManager' defined in file [/Users/mananmistry/Dal/CSCI 5409 Cloud/git/Assignment/Term Project/CloudHarbour-Deployer/target/classes/com/example/cloudharbourdeployer/DeploymentManager.class]: Failed to instantiate [com.example.cloudharbourdeployer.DeploymentManager]: Constructor threw exception
	at org.springframework.beans.factory.support.AbstractAutowireCapableBeanFactory.instantiateBean(AbstractAutowireCapableBeanFactory.java:1318) ~[spring-beans-6.1.1.jar:6.1.1]
	at org.springframework.beans.factory.support.AbstractAutowireCapableBeanFactory.createBeanInstance(AbstractAutowireCapableBeanFactory.java:1203) ~[spring-beans-6.1.1.jar:6.1.1]
	at org.springframework.beans.factory.support.AbstractAutowireCapableBeanFactory.doCreateBean(AbstractAutowireCapableBeanFactory.java:563) ~[spring-beans-6.1.1.jar:6.1.1]
	at org.springframework.beans.factory.support.AbstractAutowireCapableBeanFactory.createBean(AbstractAutowireCapableBeanFactory.java:523) ~[spring-beans-6.1.1.jar:6.1.1]
	at org.springframework.beans.factory.support.AbstractBeanFactory.lambda$doGetBean$0(AbstractBeanFactory.java:325) ~[spring-beans-6.1.1.jar:6.1.1]
	at org.springframework.beans.factory.support.DefaultSingletonBeanRegistry.getSingleton(DefaultSingletonBeanRegistry.java:234) ~[spring-beans-6.1.1.jar:6.1.1]
	at org.springframework.beans.factory.support.AbstractBeanFactory.doGetBean(AbstractBeanFactory.java:323) ~[spring-beans-6.1.1.jar:6.1.1]
	at org.springframework.beans.factory.support.AbstractBeanFactory.getBean(AbstractBeanFactory.java:199) ~[spring-beans-6.1.1.jar:6.1.1]
	at org.springframework.beans.factory.support.DefaultListableBeanFactory.preInstantiateSingletons(DefaultListableBeanFactory.java:973) ~[spring-beans-6.1.1.jar:6.1.1]
	at org.springframework.context.support.AbstractApplicationContext.finishBeanFactoryInitialization(AbstractApplicationContext.java:946) ~[spring-context-6.1.1.jar:6.1.1]
	at org.springframework.context.support.AbstractApplicationContext.refresh(AbstractApplicationContext.java:616) ~[spring-context-6.1.1.jar:6.1.1]
	at org.springframework.boot.SpringApplication.refresh(SpringApplication.java:754) ~[spring-boot-3.2.1-SNAPSHOT.jar:3.2.1-SNAPSHOT]
	at org.springframework.boot.SpringApplication.refreshContext(SpringApplication.java:456) ~[spring-boot-3.2.1-SNAPSHOT.jar:3.2.1-SNAPSHOT]
	at org.springframework.boot.SpringApplication.run(SpringApplication.java:326) ~[spring-boot-3.2.1-SNAPSHOT.jar:3.2.1-SNAPSHOT]
	at org.springframework.boot.test.context.SpringBootContextLoader.lambda$loadContext$3(SpringBootContextLoader.java:137) ~[spring-boot-test-3.2.1-SNAPSHOT.jar:3.2.1-SNAPSHOT]
	at org.springframework.util.function.ThrowingSupplier.get(ThrowingSupplier.java:58) ~[spring-core-6.1.1.jar:6.1.1]
	at org.springframework.util.function.ThrowingSupplier.get(ThrowingSupplier.java:46) ~[spring-core-6.1.1.jar:6.1.1]
	at org.springframework.boot.SpringApplication.withHook(SpringApplication.java:1443) ~[spring-boot-3.2.1-SNAPSHOT.jar:3.2.1-SNAPSHOT]
	at org.springframework.boot.test.context.SpringBootContextLoader$ContextLoaderHook.run(SpringBootContextLoader.java:552) ~[spring-boot-test-3.2.1-SNAPSHOT.jar:3.2.1-SNAPSHOT]
	at org.springframework.boot.test.context.SpringBootContextLoader.loadContext(SpringBootContextLoader.java:137) ~[spring-boot-test-3.2.1-SNAPSHOT.jar:3.2.1-SNAPSHOT]
	at org.springframework.boot.test.context.SpringBootContextLoader.loadContext(SpringBootContextLoader.java:108) ~[spring-boot-test-3.2.1-SNAPSHOT.jar:3.2.1-SNAPSHOT]
	at org.springframework.test.context.cache.DefaultCacheAwareContextLoaderDelegate.loadContextInternal(DefaultCacheAwareContextLoaderDelegate.java:225) ~[spring-test-6.1.1.jar:6.1.1]
	at org.springframework.test.context.cache.DefaultCacheAwareContextLoaderDelegate.loadContext(DefaultCacheAwareContextLoaderDelegate.java:152) ~[spring-test-6.1.1.jar:6.1.1]
	... 73 common frames omitted
Caused by: org.springframework.beans.BeanInstantiationException: Failed to instantiate [com.example.cloudharbourdeployer.DeploymentManager]: Constructor threw exception
	at org.springframework.beans.BeanUtils.instantiateClass(BeanUtils.java:223) ~[spring-beans-6.1.1.jar:6.1.1]
	at org.springframework.beans.factory.support.SimpleInstantiationStrategy.instantiate(SimpleInstantiationStrategy.java:88) ~[spring-beans-6.1.1.jar:6.1.1]
	at org.springframework.beans.factory.support.AbstractAutowireCapableBeanFactory.instantiateBean(AbstractAutowireCapableBeanFactory.java:1312) ~[spring-beans-6.1.1.jar:6.1.1]
	... 95 common frames omitted
Caused by: java.lang.NoSuchMethodError: org.yaml.snakeyaml.constructor.SafeConstructor: method 'void <init>()' not found
	at io.kubernetes.client.util.KubeConfig.loadKubeConfig(KubeConfig.java:83) ~[client-java-10.0.1.jar:na]
	at io.kubernetes.client.util.ClientBuilder.getClientBuilder(ClientBuilder.java:103) ~[client-java-10.0.1.jar:na]
	at io.kubernetes.client.util.ClientBuilder.standard(ClientBuilder.java:87) ~[client-java-10.0.1.jar:na]
	at io.kubernetes.client.util.ClientBuilder.standard(ClientBuilder.java:79) ~[client-java-10.0.1.jar:na]
	at io.kubernetes.client.util.Config.defaultClient(Config.java:113) ~[client-java-10.0.1.jar:na]
	at com.example.cloudharbourdeployer.DeploymentManager.<init>(DeploymentManager.java:31) ~[classes/:na]
	at java.base/jdk.internal.reflect.DirectConstructorHandleAccessor.newInstance(DirectConstructorHandleAccessor.java:62) ~[na:na]
	at java.base/java.lang.reflect.Constructor.newInstanceWithCaller(Constructor.java:502) ~[na:na]
	at java.base/java.lang.reflect.Constructor.newInstance(Constructor.java:486) ~[na:na]
	at org.springframework.beans.BeanUtils.instantiateClass(BeanUtils.java:197) ~[spring-beans-6.1.1.jar:6.1.1]
	... 97 common frames omitted

]]></system-out>
    <system-err><![CDATA[


============================
CONDITIONS EVALUATION REPORT
============================


Positive matches:
-----------------

    None


Negative matches:
-----------------

    None


Exclusions:
-----------

    None


Unconditional classes:
----------------------

    None



]]></system-err>
  </testcase>
</testsuite>